CRITICAL - 2023-01-28 20:12:08 --> Call to a member function where() on array
in APPPATH\Controllers\PI.php on line 46.
 1 SYSTEMPATH\CodeIgniter.php(934): App\Controllers\PI->index()
 2 SYSTEMPATH\CodeIgniter.php(499): CodeIgniter\CodeIgniter->runController(Object(App\Controllers\PI))
 3 SYSTEMPATH\CodeIgniter.php(368): CodeIgniter\CodeIgniter->handleRequest(null, Object(Config\Cache), false)
 4 FCPATH\index.php(67): CodeIgniter\CodeIgniter->run()
CRITICAL - 2023-01-28 21:12:51 --> Undefined array key 0
in APPPATH\Views\api.php on line 106.
 1 APPPATH\Views\api.php(106): CodeIgniter\Debug\Exceptions->errorHandler(2, 'Undefined array key 0', 'APPPATH\\Views\\api.php', 106)
 2 SYSTEMPATH\View\View.php(213): include('APPPATH\\Views\\api.php')
 3 SYSTEMPATH\View\View.php(216): CodeIgniter\View\View->CodeIgniter\View\{closure}()
 4 SYSTEMPATH\Common.php(1177): CodeIgniter\View\View->render('api', [], true)
 5 APPPATH\Controllers\PI.php(47): view('api', [...])
 6 SYSTEMPATH\CodeIgniter.php(934): App\Controllers\PI->index()
 7 SYSTEMPATH\CodeIgniter.php(499): CodeIgniter\CodeIgniter->runController(Object(App\Controllers\PI))
 8 SYSTEMPATH\CodeIgniter.php(368): CodeIgniter\CodeIgniter->handleRequest(null, Object(Config\Cache), false)
 9 FCPATH\index.php(67): CodeIgniter\CodeIgniter->run()
CRITICAL - 2023-01-28 21:27:17 --> foreach() argument must be of type array|object, string given
in APPPATH\Views\homolog.php on line 45.
 1 APPPATH\Views\homolog.php(45): CodeIgniter\Debug\Exceptions->errorHandler(2, 'foreach() argument must be of type array|object, string given', 'APPPATH\\Views\\homolog.php', 45)
 2 SYSTEMPATH\View\View.php(213): include('APPPATH\\Views\\homolog.php')
 3 SYSTEMPATH\View\View.php(216): CodeIgniter\View\View->CodeIgniter\View\{closure}()
 4 SYSTEMPATH\Common.php(1177): CodeIgniter\View\View->render('homolog', [], true)
 5 APPPATH\Controllers\PI.php(57): view('homolog', [...])
 6 SYSTEMPATH\CodeIgniter.php(934): App\Controllers\PI->homologAPI()
 7 SYSTEMPATH\CodeIgniter.php(499): CodeIgniter\CodeIgniter->runController(Object(App\Controllers\PI))
 8 SYSTEMPATH\CodeIgniter.php(368): CodeIgniter\CodeIgniter->handleRequest(null, Object(Config\Cache), false)
 9 FCPATH\index.php(67): CodeIgniter\CodeIgniter->run()
CRITICAL - 2023-01-28 21:28:09 --> foreach() argument must be of type array|object, string given
in APPPATH\Views\homolog.php on line 46.
 1 APPPATH\Views\homolog.php(46): CodeIgniter\Debug\Exceptions->errorHandler(2, 'foreach() argument must be of type array|object, string given', 'APPPATH\\Views\\homolog.php', 46)
 2 SYSTEMPATH\View\View.php(213): include('APPPATH\\Views\\homolog.php')
 3 SYSTEMPATH\View\View.php(216): CodeIgniter\View\View->CodeIgniter\View\{closure}()
 4 SYSTEMPATH\Common.php(1177): CodeIgniter\View\View->render('homolog', [], true)
 5 APPPATH\Controllers\PI.php(57): view('homolog', [...])
 6 SYSTEMPATH\CodeIgniter.php(934): App\Controllers\PI->homologAPI()
 7 SYSTEMPATH\CodeIgniter.php(499): CodeIgniter\CodeIgniter->runController(Object(App\Controllers\PI))
 8 SYSTEMPATH\CodeIgniter.php(368): CodeIgniter\CodeIgniter->handleRequest(null, Object(Config\Cache), false)
 9 FCPATH\index.php(67): CodeIgniter\CodeIgniter->run()
CRITICAL - 2023-01-28 22:52:14 --> Undefined array key 0
in APPPATH\Views\api.php on line 106.
 1 APPPATH\Views\api.php(106): CodeIgniter\Debug\Exceptions->errorHandler(2, 'Undefined array key 0', 'APPPATH\\Views\\api.php', 106)
 2 SYSTEMPATH\View\View.php(213): include('APPPATH\\Views\\api.php')
 3 SYSTEMPATH\View\View.php(216): CodeIgniter\View\View->CodeIgniter\View\{closure}()
 4 SYSTEMPATH\Common.php(1177): CodeIgniter\View\View->render('api', [], true)
 5 APPPATH\Controllers\PI.php(52): view('api', [...])
 6 SYSTEMPATH\CodeIgniter.php(934): App\Controllers\PI->index()
 7 SYSTEMPATH\CodeIgniter.php(499): CodeIgniter\CodeIgniter->runController(Object(App\Controllers\PI))
 8 SYSTEMPATH\CodeIgniter.php(368): CodeIgniter\CodeIgniter->handleRequest(null, Object(Config\Cache), false)
 9 FCPATH\index.php(67): CodeIgniter\CodeIgniter->run()
CRITICAL - 2023-01-28 22:56:36 --> count(): Argument #1 ($value) must be of type Countable|array, null given
in APPPATH\Views\api.php on line 103.
 1 SYSTEMPATH\View\View.php(213): include()
 2 SYSTEMPATH\View\View.php(216): CodeIgniter\View\View->CodeIgniter\View\{closure}()
 3 SYSTEMPATH\Common.php(1177): CodeIgniter\View\View->render('api', [], true)
 4 APPPATH\Controllers\PI.php(57): view('api')
 5 SYSTEMPATH\CodeIgniter.php(934): App\Controllers\PI->index()
 6 SYSTEMPATH\CodeIgniter.php(499): CodeIgniter\CodeIgniter->runController(Object(App\Controllers\PI))
 7 SYSTEMPATH\CodeIgniter.php(368): CodeIgniter\CodeIgniter->handleRequest(null, Object(Config\Cache), false)
 8 FCPATH\index.php(67): CodeIgniter\CodeIgniter->run()
CRITICAL - 2023-01-28 23:50:54 --> Maximum execution time of 120 seconds exceeded
in APPPATH\Controllers\PI.php on line 29.
 1 [internal function]: CodeIgniter\Debug\Exceptions->shutdownHandler()
CRITICAL - 2023-01-28 23:50:54 --> Maximum execution time of 120 seconds exceeded
in APPPATH\Controllers\PI.php on line 29.
 1 [internal function]: CodeIgniter\Debug\Exceptions->shutdownHandler()
