ERROR - 2023-07-18 21:26:24 --> mysqli_sql_exception: Table 'agorarn.tbpis' doesn't exist in engine in F:\Projetos\starttools\system\Database\MySQLi\Connection.php:295
Stack trace:
#0 F:\Projetos\starttools\system\Database\MySQLi\Connection.php(295): mysqli->query('SELECT *\nFROM `...', 0)
#1 F:\Projetos\starttools\system\Database\BaseConnection.php(691): CodeIgniter\Database\MySQLi\Connection->execute('SELECT *\nFROM `...')
#2 F:\Projetos\starttools\system\Database\BaseConnection.php(605): CodeIgniter\Database\BaseConnection->simpleQuery('SELECT *\nFROM `...')
#3 F:\Projetos\starttools\system\Database\BaseBuilder.php(1602): CodeIgniter\Database\BaseConnection->query('SELECT *\nFROM `...', Array, false)
#4 F:\Projetos\starttools\system\Model.php(202): CodeIgniter\Database\BaseBuilder->get()
#5 F:\Projetos\starttools\system\BaseModel.php(557): CodeIgniter\Model->doFind(false, NULL)
#6 F:\Projetos\starttools\app\Controllers\PI.php(113): CodeIgniter\BaseModel->find()
#7 F:\Projetos\starttools\system\CodeIgniter.php(934): App\Controllers\PI->pisLancados()
#8 F:\Projetos\starttools\system\CodeIgniter.php(499): CodeIgniter\CodeIgniter->runController(Object(App\Controllers\PI))
#9 F:\Projetos\starttools\system\CodeIgniter.php(368): CodeIgniter\CodeIgniter->handleRequest(NULL, Object(Config\Cache), false)
#10 F:\Projetos\starttools\index.php(67): CodeIgniter\CodeIgniter->run()
#11 {main}
CRITICAL - 2023-07-18 21:26:24 --> Table 'agorarn.tbpis' doesn't exist in engine
in SYSTEMPATH\Database\BaseConnection.php on line 645.
 1 SYSTEMPATH\Database\BaseBuilder.php(1602): CodeIgniter\Database\BaseConnection->query('SELECT *
FROM `tbpis`', [], false)
 2 SYSTEMPATH\Model.php(202): CodeIgniter\Database\BaseBuilder->get()
 3 SYSTEMPATH\BaseModel.php(557): CodeIgniter\Model->doFind(false, null)
 4 APPPATH\Controllers\PI.php(113): CodeIgniter\BaseModel->find()
 5 SYSTEMPATH\CodeIgniter.php(934): App\Controllers\PI->pisLancados()
 6 SYSTEMPATH\CodeIgniter.php(499): CodeIgniter\CodeIgniter->runController(Object(App\Controllers\PI))
 7 SYSTEMPATH\CodeIgniter.php(368): CodeIgniter\CodeIgniter->handleRequest(null, Object(Config\Cache), false)
 8 FCPATH\index.php(67): CodeIgniter\CodeIgniter->run()
ERROR - 2023-07-18 21:26:40 --> mysqli_sql_exception: Table 'agorarn.tbpis' doesn't exist in engine in F:\Projetos\starttools\system\Database\MySQLi\Connection.php:295
Stack trace:
#0 F:\Projetos\starttools\system\Database\MySQLi\Connection.php(295): mysqli->query('SELECT *\nFROM `...', 0)
#1 F:\Projetos\starttools\system\Database\BaseConnection.php(691): CodeIgniter\Database\MySQLi\Connection->execute('SELECT *\nFROM `...')
#2 F:\Projetos\starttools\system\Database\BaseConnection.php(605): CodeIgniter\Database\BaseConnection->simpleQuery('SELECT *\nFROM `...')
#3 F:\Projetos\starttools\system\Database\BaseBuilder.php(1602): CodeIgniter\Database\BaseConnection->query('SELECT *\nFROM `...', Array, false)
#4 F:\Projetos\starttools\system\Model.php(202): CodeIgniter\Database\BaseBuilder->get()
#5 F:\Projetos\starttools\system\BaseModel.php(557): CodeIgniter\Model->doFind(false, NULL)
#6 F:\Projetos\starttools\app\Controllers\PI.php(113): CodeIgniter\BaseModel->find()
#7 F:\Projetos\starttools\system\CodeIgniter.php(934): App\Controllers\PI->pisLancados()
#8 F:\Projetos\starttools\system\CodeIgniter.php(499): CodeIgniter\CodeIgniter->runController(Object(App\Controllers\PI))
#9 F:\Projetos\starttools\system\CodeIgniter.php(368): CodeIgniter\CodeIgniter->handleRequest(NULL, Object(Config\Cache), false)
#10 F:\Projetos\starttools\index.php(67): CodeIgniter\CodeIgniter->run()
#11 {main}
CRITICAL - 2023-07-18 21:26:40 --> Table 'agorarn.tbpis' doesn't exist in engine
in SYSTEMPATH\Database\BaseConnection.php on line 645.
 1 SYSTEMPATH\Database\BaseBuilder.php(1602): CodeIgniter\Database\BaseConnection->query('SELECT *
FROM `tbpis`', [], false)
 2 SYSTEMPATH\Model.php(202): CodeIgniter\Database\BaseBuilder->get()
 3 SYSTEMPATH\BaseModel.php(557): CodeIgniter\Model->doFind(false, null)
 4 APPPATH\Controllers\PI.php(113): CodeIgniter\BaseModel->find()
 5 SYSTEMPATH\CodeIgniter.php(934): App\Controllers\PI->pisLancados()
 6 SYSTEMPATH\CodeIgniter.php(499): CodeIgniter\CodeIgniter->runController(Object(App\Controllers\PI))
 7 SYSTEMPATH\CodeIgniter.php(368): CodeIgniter\CodeIgniter->handleRequest(null, Object(Config\Cache), false)
 8 FCPATH\index.php(67): CodeIgniter\CodeIgniter->run()
ERROR - 2023-07-18 21:26:41 --> mysqli_sql_exception: Table 'agorarn.tbpis' doesn't exist in engine in F:\Projetos\starttools\system\Database\MySQLi\Connection.php:295
Stack trace:
#0 F:\Projetos\starttools\system\Database\MySQLi\Connection.php(295): mysqli->query('SELECT *\nFROM `...', 0)
#1 F:\Projetos\starttools\system\Database\BaseConnection.php(691): CodeIgniter\Database\MySQLi\Connection->execute('SELECT *\nFROM `...')
#2 F:\Projetos\starttools\system\Database\BaseConnection.php(605): CodeIgniter\Database\BaseConnection->simpleQuery('SELECT *\nFROM `...')
#3 F:\Projetos\starttools\system\Database\BaseBuilder.php(1602): CodeIgniter\Database\BaseConnection->query('SELECT *\nFROM `...', Array, false)
#4 F:\Projetos\starttools\system\Model.php(202): CodeIgniter\Database\BaseBuilder->get()
#5 F:\Projetos\starttools\system\BaseModel.php(557): CodeIgniter\Model->doFind(false, NULL)
#6 F:\Projetos\starttools\app\Controllers\PI.php(113): CodeIgniter\BaseModel->find()
#7 F:\Projetos\starttools\system\CodeIgniter.php(934): App\Controllers\PI->pisLancados()
#8 F:\Projetos\starttools\system\CodeIgniter.php(499): CodeIgniter\CodeIgniter->runController(Object(App\Controllers\PI))
#9 F:\Projetos\starttools\system\CodeIgniter.php(368): CodeIgniter\CodeIgniter->handleRequest(NULL, Object(Config\Cache), false)
#10 F:\Projetos\starttools\index.php(67): CodeIgniter\CodeIgniter->run()
#11 {main}
CRITICAL - 2023-07-18 21:26:41 --> Table 'agorarn.tbpis' doesn't exist in engine
in SYSTEMPATH\Database\BaseConnection.php on line 645.
 1 SYSTEMPATH\Database\BaseBuilder.php(1602): CodeIgniter\Database\BaseConnection->query('SELECT *
FROM `tbpis`', [], false)
 2 SYSTEMPATH\Model.php(202): CodeIgniter\Database\BaseBuilder->get()
 3 SYSTEMPATH\BaseModel.php(557): CodeIgniter\Model->doFind(false, null)
 4 APPPATH\Controllers\PI.php(113): CodeIgniter\BaseModel->find()
 5 SYSTEMPATH\CodeIgniter.php(934): App\Controllers\PI->pisLancados()
 6 SYSTEMPATH\CodeIgniter.php(499): CodeIgniter\CodeIgniter->runController(Object(App\Controllers\PI))
 7 SYSTEMPATH\CodeIgniter.php(368): CodeIgniter\CodeIgniter->handleRequest(null, Object(Config\Cache), false)
 8 FCPATH\index.php(67): CodeIgniter\CodeIgniter->run()
ERROR - 2023-07-18 21:26:42 --> mysqli_sql_exception: Table 'agorarn.tbpis' doesn't exist in engine in F:\Projetos\starttools\system\Database\MySQLi\Connection.php:295
Stack trace:
#0 F:\Projetos\starttools\system\Database\MySQLi\Connection.php(295): mysqli->query('SELECT *\nFROM `...', 0)
#1 F:\Projetos\starttools\system\Database\BaseConnection.php(691): CodeIgniter\Database\MySQLi\Connection->execute('SELECT *\nFROM `...')
#2 F:\Projetos\starttools\system\Database\BaseConnection.php(605): CodeIgniter\Database\BaseConnection->simpleQuery('SELECT *\nFROM `...')
#3 F:\Projetos\starttools\system\Database\BaseBuilder.php(1602): CodeIgniter\Database\BaseConnection->query('SELECT *\nFROM `...', Array, false)
#4 F:\Projetos\starttools\system\Model.php(202): CodeIgniter\Database\BaseBuilder->get()
#5 F:\Projetos\starttools\system\BaseModel.php(557): CodeIgniter\Model->doFind(false, NULL)
#6 F:\Projetos\starttools\app\Controllers\PI.php(113): CodeIgniter\BaseModel->find()
#7 F:\Projetos\starttools\system\CodeIgniter.php(934): App\Controllers\PI->pisLancados()
#8 F:\Projetos\starttools\system\CodeIgniter.php(499): CodeIgniter\CodeIgniter->runController(Object(App\Controllers\PI))
#9 F:\Projetos\starttools\system\CodeIgniter.php(368): CodeIgniter\CodeIgniter->handleRequest(NULL, Object(Config\Cache), false)
#10 F:\Projetos\starttools\index.php(67): CodeIgniter\CodeIgniter->run()
#11 {main}
CRITICAL - 2023-07-18 21:26:42 --> Table 'agorarn.tbpis' doesn't exist in engine
in SYSTEMPATH\Database\BaseConnection.php on line 645.
 1 SYSTEMPATH\Database\BaseBuilder.php(1602): CodeIgniter\Database\BaseConnection->query('SELECT *
FROM `tbpis`', [], false)
 2 SYSTEMPATH\Model.php(202): CodeIgniter\Database\BaseBuilder->get()
 3 SYSTEMPATH\BaseModel.php(557): CodeIgniter\Model->doFind(false, null)
 4 APPPATH\Controllers\PI.php(113): CodeIgniter\BaseModel->find()
 5 SYSTEMPATH\CodeIgniter.php(934): App\Controllers\PI->pisLancados()
 6 SYSTEMPATH\CodeIgniter.php(499): CodeIgniter\CodeIgniter->runController(Object(App\Controllers\PI))
 7 SYSTEMPATH\CodeIgniter.php(368): CodeIgniter\CodeIgniter->handleRequest(null, Object(Config\Cache), false)
 8 FCPATH\index.php(67): CodeIgniter\CodeIgniter->run()
WARNING - 2023-07-18 21:37:32 --> [DEPRECATED] json_decode(): Passing null to parameter #1 ($json) of type string is deprecated in APPPATH\Controllers\PI.php on line 53.
 1 APPPATH\Controllers\PI.php(53): json_decode(null, true)
 2 APPPATH\Controllers\PI.php(70): App\Controllers\PI->getPI('2023-07-18', '2023-07-18', 0)
 3 SYSTEMPATH\CodeIgniter.php(934): App\Controllers\PI->homologAPI()
 4 SYSTEMPATH\CodeIgniter.php(499): CodeIgniter\CodeIgniter->runController(Object(App\Controllers\PI))
 5 SYSTEMPATH\CodeIgniter.php(368): CodeIgniter\CodeIgniter->handleRequest(null, Object(Config\Cache), false)
 6 FCPATH\index.php(67): CodeIgniter\CodeIgniter->run()
CRITICAL - 2023-07-18 21:39:11 --> Invalid file: "_home.php"
in SYSTEMPATH\Exceptions\FrameworkException.php on line 33.
 1 SYSTEMPATH\View\View.php(201): CodeIgniter\Exceptions\FrameworkException::forInvalidFile('_home.php')
 2 SYSTEMPATH\Common.php(1177): CodeIgniter\View\View->render('_home', [], true)
 3 APPPATH\Controllers\PI.php(265): view('_home')
 4 SYSTEMPATH\CodeIgniter.php(934): App\Controllers\PI->newHome()
 5 SYSTEMPATH\CodeIgniter.php(499): CodeIgniter\CodeIgniter->runController(Object(App\Controllers\PI))
 6 SYSTEMPATH\CodeIgniter.php(368): CodeIgniter\CodeIgniter->handleRequest(null, Object(Config\Cache), false)
 7 FCPATH\index.php(67): CodeIgniter\CodeIgniter->run()
CRITICAL - 2023-07-18 21:41:28 --> include(navbar.php): Failed to open stream: No such file or directory
in APPPATH\Views\newhome.php on line 21.
 1 APPPATH\Views\newhome.php(21): CodeIgniter\Debug\Exceptions->errorHandler(2, 'include(navbar.php): Failed to open stream: No such file or directory', 'APPPATH\\Views\\newhome.php', 21)
 2 APPPATH\Views\newhome.php(21): include()
 3 SYSTEMPATH\View\View.php(213): include('APPPATH\\Views\\newhome.php')
 4 SYSTEMPATH\View\View.php(216): CodeIgniter\View\View->CodeIgniter\View\{closure}()
 5 SYSTEMPATH\Common.php(1177): CodeIgniter\View\View->render('newHome', [], true)
 6 APPPATH\Controllers\PI.php(265): view('newHome')
 7 SYSTEMPATH\CodeIgniter.php(934): App\Controllers\PI->newHome()
 8 SYSTEMPATH\CodeIgniter.php(499): CodeIgniter\CodeIgniter->runController(Object(App\Controllers\PI))
 9 SYSTEMPATH\CodeIgniter.php(368): CodeIgniter\CodeIgniter->handleRequest(null, Object(Config\Cache), false)
10 FCPATH\index.php(67): CodeIgniter\CodeIgniter->run()
ERROR - 2023-07-18 23:00:36 --> mysqli_sql_exception: Table 'agorarn.tbpis' doesn't exist in engine in F:\Projetos\starttools\system\Database\MySQLi\Connection.php:295
Stack trace:
#0 F:\Projetos\starttools\system\Database\MySQLi\Connection.php(295): mysqli->query('SELECT *\nFROM `...', 0)
#1 F:\Projetos\starttools\system\Database\BaseConnection.php(691): CodeIgniter\Database\MySQLi\Connection->execute('SELECT *\nFROM `...')
#2 F:\Projetos\starttools\system\Database\BaseConnection.php(605): CodeIgniter\Database\BaseConnection->simpleQuery('SELECT *\nFROM `...')
#3 F:\Projetos\starttools\system\Database\BaseBuilder.php(1602): CodeIgniter\Database\BaseConnection->query('SELECT *\nFROM `...', Array, false)
#4 F:\Projetos\starttools\system\Model.php(202): CodeIgniter\Database\BaseBuilder->get()
#5 F:\Projetos\starttools\system\BaseModel.php(557): CodeIgniter\Model->doFind(false, NULL)
#6 F:\Projetos\starttools\app\Controllers\PI.php(113): CodeIgniter\BaseModel->find()
#7 F:\Projetos\starttools\system\CodeIgniter.php(934): App\Controllers\PI->pisLancados()
#8 F:\Projetos\starttools\system\CodeIgniter.php(499): CodeIgniter\CodeIgniter->runController(Object(App\Controllers\PI))
#9 F:\Projetos\starttools\system\CodeIgniter.php(368): CodeIgniter\CodeIgniter->handleRequest(NULL, Object(Config\Cache), false)
#10 F:\Projetos\starttools\index.php(67): CodeIgniter\CodeIgniter->run()
#11 {main}
CRITICAL - 2023-07-18 23:00:36 --> Table 'agorarn.tbpis' doesn't exist in engine
in SYSTEMPATH\Database\BaseConnection.php on line 645.
 1 SYSTEMPATH\Database\BaseBuilder.php(1602): CodeIgniter\Database\BaseConnection->query('SELECT *
FROM `tbpis`', [], false)
 2 SYSTEMPATH\Model.php(202): CodeIgniter\Database\BaseBuilder->get()
 3 SYSTEMPATH\BaseModel.php(557): CodeIgniter\Model->doFind(false, null)
 4 APPPATH\Controllers\PI.php(113): CodeIgniter\BaseModel->find()
 5 SYSTEMPATH\CodeIgniter.php(934): App\Controllers\PI->pisLancados()
 6 SYSTEMPATH\CodeIgniter.php(499): CodeIgniter\CodeIgniter->runController(Object(App\Controllers\PI))
 7 SYSTEMPATH\CodeIgniter.php(368): CodeIgniter\CodeIgniter->handleRequest(null, Object(Config\Cache), false)
 8 FCPATH\index.php(67): CodeIgniter\CodeIgniter->run()
ERROR - 2023-07-18 23:12:03 --> mysqli_sql_exception: Table 'agorarn.tbpis' doesn't exist in engine in F:\Projetos\starttools\system\Database\MySQLi\Connection.php:295
Stack trace:
#0 F:\Projetos\starttools\system\Database\MySQLi\Connection.php(295): mysqli->query('SELECT *\nFROM `...', 0)
#1 F:\Projetos\starttools\system\Database\BaseConnection.php(691): CodeIgniter\Database\MySQLi\Connection->execute('SELECT *\nFROM `...')
#2 F:\Projetos\starttools\system\Database\BaseConnection.php(605): CodeIgniter\Database\BaseConnection->simpleQuery('SELECT *\nFROM `...')
#3 F:\Projetos\starttools\system\Database\BaseBuilder.php(1602): CodeIgniter\Database\BaseConnection->query('SELECT *\nFROM `...', Array, false)
#4 F:\Projetos\starttools\system\Model.php(202): CodeIgniter\Database\BaseBuilder->get()
#5 F:\Projetos\starttools\system\BaseModel.php(557): CodeIgniter\Model->doFind(false, NULL)
#6 F:\Projetos\starttools\app\Controllers\PI.php(113): CodeIgniter\BaseModel->find()
#7 F:\Projetos\starttools\system\CodeIgniter.php(934): App\Controllers\PI->pisLancados()
#8 F:\Projetos\starttools\system\CodeIgniter.php(499): CodeIgniter\CodeIgniter->runController(Object(App\Controllers\PI))
#9 F:\Projetos\starttools\system\CodeIgniter.php(368): CodeIgniter\CodeIgniter->handleRequest(NULL, Object(Config\Cache), false)
#10 F:\Projetos\starttools\index.php(67): CodeIgniter\CodeIgniter->run()
#11 {main}
CRITICAL - 2023-07-18 23:12:03 --> Table 'agorarn.tbpis' doesn't exist in engine
in SYSTEMPATH\Database\BaseConnection.php on line 645.
 1 SYSTEMPATH\Database\BaseBuilder.php(1602): CodeIgniter\Database\BaseConnection->query('SELECT *
FROM `tbpis`', [], false)
 2 SYSTEMPATH\Model.php(202): CodeIgniter\Database\BaseBuilder->get()
 3 SYSTEMPATH\BaseModel.php(557): CodeIgniter\Model->doFind(false, null)
 4 APPPATH\Controllers\PI.php(113): CodeIgniter\BaseModel->find()
 5 SYSTEMPATH\CodeIgniter.php(934): App\Controllers\PI->pisLancados()
 6 SYSTEMPATH\CodeIgniter.php(499): CodeIgniter\CodeIgniter->runController(Object(App\Controllers\PI))
 7 SYSTEMPATH\CodeIgniter.php(368): CodeIgniter\CodeIgniter->handleRequest(null, Object(Config\Cache), false)
 8 FCPATH\index.php(67): CodeIgniter\CodeIgniter->run()
CRITICAL - 2023-07-18 23:29:53 --> include(navbar.php): Failed to open stream: No such file or directory
in APPPATH\Views\home.php on line 34.
 1 APPPATH\Views\home.php(34): CodeIgniter\Debug\Exceptions->errorHandler(2, 'include(navbar.php): Failed to open stream: No such file or directory', 'APPPATH\\Views\\home.php', 34)
 2 APPPATH\Views\home.php(34): include()
 3 SYSTEMPATH\View\View.php(213): include('APPPATH\\Views\\home.php')
 4 SYSTEMPATH\View\View.php(216): CodeIgniter\View\View->CodeIgniter\View\{closure}()
 5 SYSTEMPATH\Common.php(1177): CodeIgniter\View\View->render('home', [], true)
 6 APPPATH\Controllers\PI.php(130): view('home', [...])
 7 SYSTEMPATH\CodeIgniter.php(934): App\Controllers\PI->pisLancados()
 8 SYSTEMPATH\CodeIgniter.php(499): CodeIgniter\CodeIgniter->runController(Object(App\Controllers\PI))
 9 SYSTEMPATH\CodeIgniter.php(368): CodeIgniter\CodeIgniter->handleRequest(null, Object(Config\Cache), false)
10 FCPATH\index.php(67): CodeIgniter\CodeIgniter->run()
CRITICAL - 2023-07-18 23:34:23 --> Undefined variable $tipopi
in APPPATH\Views\newpis.php on line 56.
 1 APPPATH\Views\newpis.php(56): CodeIgniter\Debug\Exceptions->errorHandler(2, 'Undefined variable $tipopi', 'APPPATH\\Views\\newpis.php', 56)
 2 SYSTEMPATH\View\View.php(213): include('APPPATH\\Views\\newpis.php')
 3 SYSTEMPATH\View\View.php(216): CodeIgniter\View\View->CodeIgniter\View\{closure}()
 4 SYSTEMPATH\Common.php(1177): CodeIgniter\View\View->render('newpis', [], true)
 5 APPPATH\Controllers\PI.php(272): view('newpis')
 6 SYSTEMPATH\CodeIgniter.php(934): App\Controllers\PI->newPIs()
 7 SYSTEMPATH\CodeIgniter.php(499): CodeIgniter\CodeIgniter->runController(Object(App\Controllers\PI))
 8 SYSTEMPATH\CodeIgniter.php(368): CodeIgniter\CodeIgniter->handleRequest(null, Object(Config\Cache), false)
 9 FCPATH\index.php(67): CodeIgniter\CodeIgniter->run()
CRITICAL - 2023-07-18 23:34:39 --> Undefined variable $tipopi
in APPPATH\Views\newpis.php on line 56.
 1 APPPATH\Views\newpis.php(56): CodeIgniter\Debug\Exceptions->errorHandler(2, 'Undefined variable $tipopi', 'APPPATH\\Views\\newpis.php', 56)
 2 SYSTEMPATH\View\View.php(213): include('APPPATH\\Views\\newpis.php')
 3 SYSTEMPATH\View\View.php(216): CodeIgniter\View\View->CodeIgniter\View\{closure}()
 4 SYSTEMPATH\Common.php(1177): CodeIgniter\View\View->render('newpis', [], true)
 5 APPPATH\Controllers\PI.php(272): view('newpis')
 6 SYSTEMPATH\CodeIgniter.php(934): App\Controllers\PI->newPIs()
 7 SYSTEMPATH\CodeIgniter.php(499): CodeIgniter\CodeIgniter->runController(Object(App\Controllers\PI))
 8 SYSTEMPATH\CodeIgniter.php(368): CodeIgniter\CodeIgniter->handleRequest(null, Object(Config\Cache), false)
 9 FCPATH\index.php(67): CodeIgniter\CodeIgniter->run()
WARNING - 2023-07-18 23:36:49 --> [DEPRECATED] explode(): Passing null to parameter #2 ($string) of type string is deprecated in APPPATH\Views\table_baixados.php on line 79.
 1 APPPATH\Views\table_baixados.php(79): explode('-', null)
 2 APPPATH\Views\home.php(70): include('APPPATH\\Views\\table_baixados.php')
 3 SYSTEMPATH\View\View.php(213): include('APPPATH\\Views\\home.php')
 4 SYSTEMPATH\View\View.php(216): CodeIgniter\View\View->CodeIgniter\View\{closure}()
 5 SYSTEMPATH\Common.php(1177): CodeIgniter\View\View->render('home', [], true)
 6 APPPATH\Controllers\PI.php(159): view('home', [...])
 7 SYSTEMPATH\CodeIgniter.php(934): App\Controllers\PI->pisBaixados()
 8 SYSTEMPATH\CodeIgniter.php(499): CodeIgniter\CodeIgniter->runController(Object(App\Controllers\PI))
 9 SYSTEMPATH\CodeIgniter.php(368): CodeIgniter\CodeIgniter->handleRequest(null, Object(Config\Cache), false)
10 FCPATH\index.php(67): CodeIgniter\CodeIgniter->run()
WARNING - 2023-07-18 23:36:49 --> [DEPRECATED] explode(): Passing null to parameter #2 ($string) of type string is deprecated in APPPATH\Views\table_baixados.php on line 79.
 1 APPPATH\Views\table_baixados.php(79): explode('-', null)
 2 APPPATH\Views\home.php(70): include('APPPATH\\Views\\table_baixados.php')
 3 SYSTEMPATH\View\View.php(213): include('APPPATH\\Views\\home.php')
 4 SYSTEMPATH\View\View.php(216): CodeIgniter\View\View->CodeIgniter\View\{closure}()
 5 SYSTEMPATH\Common.php(1177): CodeIgniter\View\View->render('home', [], true)
 6 APPPATH\Controllers\PI.php(159): view('home', [...])
 7 SYSTEMPATH\CodeIgniter.php(934): App\Controllers\PI->pisBaixados()
 8 SYSTEMPATH\CodeIgniter.php(499): CodeIgniter\CodeIgniter->runController(Object(App\Controllers\PI))
 9 SYSTEMPATH\CodeIgniter.php(368): CodeIgniter\CodeIgniter->handleRequest(null, Object(Config\Cache), false)
10 FCPATH\index.php(67): CodeIgniter\CodeIgniter->run()
WARNING - 2023-07-18 23:36:49 --> [DEPRECATED] explode(): Passing null to parameter #2 ($string) of type string is deprecated in APPPATH\Views\table_baixados.php on line 79.
 1 APPPATH\Views\table_baixados.php(79): explode('-', null)
 2 APPPATH\Views\home.php(70): include('APPPATH\\Views\\table_baixados.php')
 3 SYSTEMPATH\View\View.php(213): include('APPPATH\\Views\\home.php')
 4 SYSTEMPATH\View\View.php(216): CodeIgniter\View\View->CodeIgniter\View\{closure}()
 5 SYSTEMPATH\Common.php(1177): CodeIgniter\View\View->render('home', [], true)
 6 APPPATH\Controllers\PI.php(159): view('home', [...])
 7 SYSTEMPATH\CodeIgniter.php(934): App\Controllers\PI->pisBaixados()
 8 SYSTEMPATH\CodeIgniter.php(499): CodeIgniter\CodeIgniter->runController(Object(App\Controllers\PI))
 9 SYSTEMPATH\CodeIgniter.php(368): CodeIgniter\CodeIgniter->handleRequest(null, Object(Config\Cache), false)
10 FCPATH\index.php(67): CodeIgniter\CodeIgniter->run()
WARNING - 2023-07-18 23:36:49 --> [DEPRECATED] explode(): Passing null to parameter #2 ($string) of type string is deprecated in APPPATH\Views\table_baixados.php on line 79.
 1 APPPATH\Views\table_baixados.php(79): explode('-', null)
 2 APPPATH\Views\home.php(70): include('APPPATH\\Views\\table_baixados.php')
 3 SYSTEMPATH\View\View.php(213): include('APPPATH\\Views\\home.php')
 4 SYSTEMPATH\View\View.php(216): CodeIgniter\View\View->CodeIgniter\View\{closure}()
 5 SYSTEMPATH\Common.php(1177): CodeIgniter\View\View->render('home', [], true)
 6 APPPATH\Controllers\PI.php(159): view('home', [...])
 7 SYSTEMPATH\CodeIgniter.php(934): App\Controllers\PI->pisBaixados()
 8 SYSTEMPATH\CodeIgniter.php(499): CodeIgniter\CodeIgniter->runController(Object(App\Controllers\PI))
 9 SYSTEMPATH\CodeIgniter.php(368): CodeIgniter\CodeIgniter->handleRequest(null, Object(Config\Cache), false)
10 FCPATH\index.php(67): CodeIgniter\CodeIgniter->run()
WARNING - 2023-07-18 23:36:49 --> [DEPRECATED] explode(): Passing null to parameter #2 ($string) of type string is deprecated in APPPATH\Views\table_baixados.php on line 79.
 1 APPPATH\Views\table_baixados.php(79): explode('-', null)
 2 APPPATH\Views\home.php(70): include('APPPATH\\Views\\table_baixados.php')
 3 SYSTEMPATH\View\View.php(213): include('APPPATH\\Views\\home.php')
 4 SYSTEMPATH\View\View.php(216): CodeIgniter\View\View->CodeIgniter\View\{closure}()
 5 SYSTEMPATH\Common.php(1177): CodeIgniter\View\View->render('home', [], true)
 6 APPPATH\Controllers\PI.php(159): view('home', [...])
 7 SYSTEMPATH\CodeIgniter.php(934): App\Controllers\PI->pisBaixados()
 8 SYSTEMPATH\CodeIgniter.php(499): CodeIgniter\CodeIgniter->runController(Object(App\Controllers\PI))
 9 SYSTEMPATH\CodeIgniter.php(368): CodeIgniter\CodeIgniter->handleRequest(null, Object(Config\Cache), false)
10 FCPATH\index.php(67): CodeIgniter\CodeIgniter->run()
WARNING - 2023-07-18 23:36:49 --> [DEPRECATED] explode(): Passing null to parameter #2 ($string) of type string is deprecated in APPPATH\Views\table_baixados.php on line 79.
 1 APPPATH\Views\table_baixados.php(79): explode('-', null)
 2 APPPATH\Views\home.php(70): include('APPPATH\\Views\\table_baixados.php')
 3 SYSTEMPATH\View\View.php(213): include('APPPATH\\Views\\home.php')
 4 SYSTEMPATH\View\View.php(216): CodeIgniter\View\View->CodeIgniter\View\{closure}()
 5 SYSTEMPATH\Common.php(1177): CodeIgniter\View\View->render('home', [], true)
 6 APPPATH\Controllers\PI.php(159): view('home', [...])
 7 SYSTEMPATH\CodeIgniter.php(934): App\Controllers\PI->pisBaixados()
 8 SYSTEMPATH\CodeIgniter.php(499): CodeIgniter\CodeIgniter->runController(Object(App\Controllers\PI))
 9 SYSTEMPATH\CodeIgniter.php(368): CodeIgniter\CodeIgniter->handleRequest(null, Object(Config\Cache), false)
10 FCPATH\index.php(67): CodeIgniter\CodeIgniter->run()
WARNING - 2023-07-18 23:36:49 --> [DEPRECATED] explode(): Passing null to parameter #2 ($string) of type string is deprecated in APPPATH\Views\table_baixados.php on line 79.
 1 APPPATH\Views\table_baixados.php(79): explode('-', null)
 2 APPPATH\Views\home.php(70): include('APPPATH\\Views\\table_baixados.php')
 3 SYSTEMPATH\View\View.php(213): include('APPPATH\\Views\\home.php')
 4 SYSTEMPATH\View\View.php(216): CodeIgniter\View\View->CodeIgniter\View\{closure}()
 5 SYSTEMPATH\Common.php(1177): CodeIgniter\View\View->render('home', [], true)
 6 APPPATH\Controllers\PI.php(159): view('home', [...])
 7 SYSTEMPATH\CodeIgniter.php(934): App\Controllers\PI->pisBaixados()
 8 SYSTEMPATH\CodeIgniter.php(499): CodeIgniter\CodeIgniter->runController(Object(App\Controllers\PI))
 9 SYSTEMPATH\CodeIgniter.php(368): CodeIgniter\CodeIgniter->handleRequest(null, Object(Config\Cache), false)
10 FCPATH\index.php(67): CodeIgniter\CodeIgniter->run()
WARNING - 2023-07-18 23:36:49 --> [DEPRECATED] explode(): Passing null to parameter #2 ($string) of type string is deprecated in APPPATH\Views\table_baixados.php on line 79.
 1 APPPATH\Views\table_baixados.php(79): explode('-', null)
 2 APPPATH\Views\home.php(70): include('APPPATH\\Views\\table_baixados.php')
 3 SYSTEMPATH\View\View.php(213): include('APPPATH\\Views\\home.php')
 4 SYSTEMPATH\View\View.php(216): CodeIgniter\View\View->CodeIgniter\View\{closure}()
 5 SYSTEMPATH\Common.php(1177): CodeIgniter\View\View->render('home', [], true)
 6 APPPATH\Controllers\PI.php(159): view('home', [...])
 7 SYSTEMPATH\CodeIgniter.php(934): App\Controllers\PI->pisBaixados()
 8 SYSTEMPATH\CodeIgniter.php(499): CodeIgniter\CodeIgniter->runController(Object(App\Controllers\PI))
 9 SYSTEMPATH\CodeIgniter.php(368): CodeIgniter\CodeIgniter->handleRequest(null, Object(Config\Cache), false)
10 FCPATH\index.php(67): CodeIgniter\CodeIgniter->run()
WARNING - 2023-07-18 23:36:49 --> [DEPRECATED] explode(): Passing null to parameter #2 ($string) of type string is deprecated in APPPATH\Views\table_baixados.php on line 79.
 1 APPPATH\Views\table_baixados.php(79): explode('-', null)
 2 APPPATH\Views\home.php(70): include('APPPATH\\Views\\table_baixados.php')
 3 SYSTEMPATH\View\View.php(213): include('APPPATH\\Views\\home.php')
 4 SYSTEMPATH\View\View.php(216): CodeIgniter\View\View->CodeIgniter\View\{closure}()
 5 SYSTEMPATH\Common.php(1177): CodeIgniter\View\View->render('home', [], true)
 6 APPPATH\Controllers\PI.php(159): view('home', [...])
 7 SYSTEMPATH\CodeIgniter.php(934): App\Controllers\PI->pisBaixados()
 8 SYSTEMPATH\CodeIgniter.php(499): CodeIgniter\CodeIgniter->runController(Object(App\Controllers\PI))
 9 SYSTEMPATH\CodeIgniter.php(368): CodeIgniter\CodeIgniter->handleRequest(null, Object(Config\Cache), false)
10 FCPATH\index.php(67): CodeIgniter\CodeIgniter->run()
WARNING - 2023-07-18 23:36:49 --> [DEPRECATED] explode(): Passing null to parameter #2 ($string) of type string is deprecated in APPPATH\Views\table_baixados.php on line 79.
 1 APPPATH\Views\table_baixados.php(79): explode('-', null)
 2 APPPATH\Views\home.php(70): include('APPPATH\\Views\\table_baixados.php')
 3 SYSTEMPATH\View\View.php(213): include('APPPATH\\Views\\home.php')
 4 SYSTEMPATH\View\View.php(216): CodeIgniter\View\View->CodeIgniter\View\{closure}()
 5 SYSTEMPATH\Common.php(1177): CodeIgniter\View\View->render('home', [], true)
 6 APPPATH\Controllers\PI.php(159): view('home', [...])
 7 SYSTEMPATH\CodeIgniter.php(934): App\Controllers\PI->pisBaixados()
 8 SYSTEMPATH\CodeIgniter.php(499): CodeIgniter\CodeIgniter->runController(Object(App\Controllers\PI))
 9 SYSTEMPATH\CodeIgniter.php(368): CodeIgniter\CodeIgniter->handleRequest(null, Object(Config\Cache), false)
10 FCPATH\index.php(67): CodeIgniter\CodeIgniter->run()
WARNING - 2023-07-18 23:36:49 --> [DEPRECATED] explode(): Passing null to parameter #2 ($string) of type string is deprecated in APPPATH\Views\table_baixados.php on line 79.
 1 APPPATH\Views\table_baixados.php(79): explode('-', null)
 2 APPPATH\Views\home.php(70): include('APPPATH\\Views\\table_baixados.php')
 3 SYSTEMPATH\View\View.php(213): include('APPPATH\\Views\\home.php')
 4 SYSTEMPATH\View\View.php(216): CodeIgniter\View\View->CodeIgniter\View\{closure}()
 5 SYSTEMPATH\Common.php(1177): CodeIgniter\View\View->render('home', [], true)
 6 APPPATH\Controllers\PI.php(159): view('home', [...])
 7 SYSTEMPATH\CodeIgniter.php(934): App\Controllers\PI->pisBaixados()
 8 SYSTEMPATH\CodeIgniter.php(499): CodeIgniter\CodeIgniter->runController(Object(App\Controllers\PI))
 9 SYSTEMPATH\CodeIgniter.php(368): CodeIgniter\CodeIgniter->handleRequest(null, Object(Config\Cache), false)
10 FCPATH\index.php(67): CodeIgniter\CodeIgniter->run()
WARNING - 2023-07-18 23:36:49 --> [DEPRECATED] explode(): Passing null to parameter #2 ($string) of type string is deprecated in APPPATH\Views\table_baixados.php on line 79.
 1 APPPATH\Views\table_baixados.php(79): explode('-', null)
 2 APPPATH\Views\home.php(70): include('APPPATH\\Views\\table_baixados.php')
 3 SYSTEMPATH\View\View.php(213): include('APPPATH\\Views\\home.php')
 4 SYSTEMPATH\View\View.php(216): CodeIgniter\View\View->CodeIgniter\View\{closure}()
 5 SYSTEMPATH\Common.php(1177): CodeIgniter\View\View->render('home', [], true)
 6 APPPATH\Controllers\PI.php(159): view('home', [...])
 7 SYSTEMPATH\CodeIgniter.php(934): App\Controllers\PI->pisBaixados()
 8 SYSTEMPATH\CodeIgniter.php(499): CodeIgniter\CodeIgniter->runController(Object(App\Controllers\PI))
 9 SYSTEMPATH\CodeIgniter.php(368): CodeIgniter\CodeIgniter->handleRequest(null, Object(Config\Cache), false)
10 FCPATH\index.php(67): CodeIgniter\CodeIgniter->run()
WARNING - 2023-07-18 23:36:49 --> [DEPRECATED] explode(): Passing null to parameter #2 ($string) of type string is deprecated in APPPATH\Views\table_baixados.php on line 79.
 1 APPPATH\Views\table_baixados.php(79): explode('-', null)
 2 APPPATH\Views\home.php(70): include('APPPATH\\Views\\table_baixados.php')
 3 SYSTEMPATH\View\View.php(213): include('APPPATH\\Views\\home.php')
 4 SYSTEMPATH\View\View.php(216): CodeIgniter\View\View->CodeIgniter\View\{closure}()
 5 SYSTEMPATH\Common.php(1177): CodeIgniter\View\View->render('home', [], true)
 6 APPPATH\Controllers\PI.php(159): view('home', [...])
 7 SYSTEMPATH\CodeIgniter.php(934): App\Controllers\PI->pisBaixados()
 8 SYSTEMPATH\CodeIgniter.php(499): CodeIgniter\CodeIgniter->runController(Object(App\Controllers\PI))
 9 SYSTEMPATH\CodeIgniter.php(368): CodeIgniter\CodeIgniter->handleRequest(null, Object(Config\Cache), false)
10 FCPATH\index.php(67): CodeIgniter\CodeIgniter->run()
WARNING - 2023-07-18 23:36:49 --> [DEPRECATED] explode(): Passing null to parameter #2 ($string) of type string is deprecated in APPPATH\Views\table_baixados.php on line 79.
 1 APPPATH\Views\table_baixados.php(79): explode('-', null)
 2 APPPATH\Views\home.php(70): include('APPPATH\\Views\\table_baixados.php')
 3 SYSTEMPATH\View\View.php(213): include('APPPATH\\Views\\home.php')
 4 SYSTEMPATH\View\View.php(216): CodeIgniter\View\View->CodeIgniter\View\{closure}()
 5 SYSTEMPATH\Common.php(1177): CodeIgniter\View\View->render('home', [], true)
 6 APPPATH\Controllers\PI.php(159): view('home', [...])
 7 SYSTEMPATH\CodeIgniter.php(934): App\Controllers\PI->pisBaixados()
 8 SYSTEMPATH\CodeIgniter.php(499): CodeIgniter\CodeIgniter->runController(Object(App\Controllers\PI))
 9 SYSTEMPATH\CodeIgniter.php(368): CodeIgniter\CodeIgniter->handleRequest(null, Object(Config\Cache), false)
10 FCPATH\index.php(67): CodeIgniter\CodeIgniter->run()
WARNING - 2023-07-18 23:36:49 --> [DEPRECATED] explode(): Passing null to parameter #2 ($string) of type string is deprecated in APPPATH\Views\table_baixados.php on line 79.
 1 APPPATH\Views\table_baixados.php(79): explode('-', null)
 2 APPPATH\Views\home.php(70): include('APPPATH\\Views\\table_baixados.php')
 3 SYSTEMPATH\View\View.php(213): include('APPPATH\\Views\\home.php')
 4 SYSTEMPATH\View\View.php(216): CodeIgniter\View\View->CodeIgniter\View\{closure}()
 5 SYSTEMPATH\Common.php(1177): CodeIgniter\View\View->render('home', [], true)
 6 APPPATH\Controllers\PI.php(159): view('home', [...])
 7 SYSTEMPATH\CodeIgniter.php(934): App\Controllers\PI->pisBaixados()
 8 SYSTEMPATH\CodeIgniter.php(499): CodeIgniter\CodeIgniter->runController(Object(App\Controllers\PI))
 9 SYSTEMPATH\CodeIgniter.php(368): CodeIgniter\CodeIgniter->handleRequest(null, Object(Config\Cache), false)
10 FCPATH\index.php(67): CodeIgniter\CodeIgniter->run()
