WARNING - 2023-08-08 12:31:01 --> [DEPRECATED] explode(): Passing null to parameter #2 ($string) of type string is deprecated in APPPATH\Views\table_lancados.php on line 36.
 1 APPPATH\Views\table_lancados.php(36): explode('-', null)
 2 APPPATH\Views\newpis.php(73): include('APPPATH\\Views\\table_lancados.php')
 3 SYSTEMPATH\View\View.php(213): include('APPPATH\\Views\\newpis.php')
 4 SYSTEMPATH\View\View.php(216): CodeIgniter\View\View->CodeIgniter\View\{closure}()
 5 SYSTEMPATH\Common.php(1177): CodeIgniter\View\View->render('newpis', [], true)
 6 APPPATH\Controllers\PI.php(130): view('newpis', [...])
 7 SYSTEMPATH\CodeIgniter.php(934): App\Controllers\PI->pisLancados()
 8 SYSTEMPATH\CodeIgniter.php(499): CodeIgniter\CodeIgniter->runController(Object(App\Controllers\PI))
 9 SYSTEMPATH\CodeIgniter.php(368): CodeIgniter\CodeIgniter->handleRequest(null, Object(Config\Cache), false)
10 FCPATH\index.php(67): CodeIgniter\CodeIgniter->run()
WARNING - 2023-08-08 12:31:09 --> [DEPRECATED] explode(): Passing null to parameter #2 ($string) of type string is deprecated in APPPATH\Views\table_lancados.php on line 36.
 1 APPPATH\Views\table_lancados.php(36): explode('-', null)
 2 APPPATH\Views\newpis.php(73): include('APPPATH\\Views\\table_lancados.php')
 3 SYSTEMPATH\View\View.php(213): include('APPPATH\\Views\\newpis.php')
 4 SYSTEMPATH\View\View.php(216): CodeIgniter\View\View->CodeIgniter\View\{closure}()
 5 SYSTEMPATH\Common.php(1177): CodeIgniter\View\View->render('newpis', [], true)
 6 APPPATH\Controllers\PI.php(130): view('newpis', [...])
 7 SYSTEMPATH\CodeIgniter.php(934): App\Controllers\PI->pisLancados()
 8 SYSTEMPATH\CodeIgniter.php(499): CodeIgniter\CodeIgniter->runController(Object(App\Controllers\PI))
 9 SYSTEMPATH\CodeIgniter.php(368): CodeIgniter\CodeIgniter->handleRequest(null, Object(Config\Cache), false)
10 FCPATH\index.php(67): CodeIgniter\CodeIgniter->run()
