WARNING - 2023-08-29 17:52:54 --> [DEPRECATED] json_decode(): Passing null to parameter #1 ($json) of type string is deprecated in APPPATH\Controllers\PI.php on line 53.
 1 APPPATH\Controllers\PI.php(53): json_decode(null, true)
 2 APPPATH\Controllers\PI.php(114): App\Controllers\PI->getPI('2023-08-29', '2023-08-29', 0)
 3 SYSTEMPATH\CodeIgniter.php(934): App\Controllers\PI->pisLancados()
 4 SYSTEMPATH\CodeIgniter.php(499): CodeIgniter\CodeIgniter->runController(Object(App\Controllers\PI))
 5 SYSTEMPATH\CodeIgniter.php(368): CodeIgniter\CodeIgniter->handleRequest(null, Object(Config\Cache), false)
 6 FCPATH\index.php(67): CodeIgniter\CodeIgniter->run()
CRITICAL - 2023-08-29 17:52:54 --> foreach() argument must be of type array|object, null given
in APPPATH\Controllers\PI.php on line 117.
 1 APPPATH\Controllers\PI.php(117): CodeIgniter\Debug\Exceptions->errorHandler(2, 'foreach() argument must be of type array|object, null given', 'APPPATH\\Controllers\\PI.php', 117)
 2 SYSTEMPATH\CodeIgniter.php(934): App\Controllers\PI->pisLancados()
 3 SYSTEMPATH\CodeIgniter.php(499): CodeIgniter\CodeIgniter->runController(Object(App\Controllers\PI))
 4 SYSTEMPATH\CodeIgniter.php(368): CodeIgniter\CodeIgniter->handleRequest(null, Object(Config\Cache), false)
 5 FCPATH\index.php(67): CodeIgniter\CodeIgniter->run()
WARNING - 2023-08-29 17:55:05 --> [DEPRECATED] explode(): Passing null to parameter #2 ($string) of type string is deprecated in APPPATH\Views\table_lancados.php on line 36.
 1 APPPATH\Views\table_lancados.php(36): explode('-', null)
 2 APPPATH\Views\newpis.php(72): include('APPPATH\\Views\\table_lancados.php')
 3 SYSTEMPATH\View\View.php(213): include('APPPATH\\Views\\newpis.php')
 4 SYSTEMPATH\View\View.php(216): CodeIgniter\View\View->CodeIgniter\View\{closure}()
 5 SYSTEMPATH\Common.php(1177): CodeIgniter\View\View->render('newpis', [], true)
 6 APPPATH\Controllers\PI.php(130): view('newpis', [...])
 7 SYSTEMPATH\CodeIgniter.php(934): App\Controllers\PI->pisLancados()
 8 SYSTEMPATH\CodeIgniter.php(499): CodeIgniter\CodeIgniter->runController(Object(App\Controllers\PI))
 9 SYSTEMPATH\CodeIgniter.php(368): CodeIgniter\CodeIgniter->handleRequest(null, Object(Config\Cache), false)
10 FCPATH\index.php(67): CodeIgniter\CodeIgniter->run()
WARNING - 2023-08-29 17:55:05 --> [DEPRECATED] explode(): Passing null to parameter #2 ($string) of type string is deprecated in APPPATH\Views\table_lancados.php on line 36.
 1 APPPATH\Views\table_lancados.php(36): explode('-', null)
 2 APPPATH\Views\newpis.php(72): include('APPPATH\\Views\\table_lancados.php')
 3 SYSTEMPATH\View\View.php(213): include('APPPATH\\Views\\newpis.php')
 4 SYSTEMPATH\View\View.php(216): CodeIgniter\View\View->CodeIgniter\View\{closure}()
 5 SYSTEMPATH\Common.php(1177): CodeIgniter\View\View->render('newpis', [], true)
 6 APPPATH\Controllers\PI.php(130): view('newpis', [...])
 7 SYSTEMPATH\CodeIgniter.php(934): App\Controllers\PI->pisLancados()
 8 SYSTEMPATH\CodeIgniter.php(499): CodeIgniter\CodeIgniter->runController(Object(App\Controllers\PI))
 9 SYSTEMPATH\CodeIgniter.php(368): CodeIgniter\CodeIgniter->handleRequest(null, Object(Config\Cache), false)
10 FCPATH\index.php(67): CodeIgniter\CodeIgniter->run()
WARNING - 2023-08-29 17:55:05 --> [DEPRECATED] explode(): Passing null to parameter #2 ($string) of type string is deprecated in APPPATH\Views\table_lancados.php on line 36.
 1 APPPATH\Views\table_lancados.php(36): explode('-', null)
 2 APPPATH\Views\newpis.php(72): include('APPPATH\\Views\\table_lancados.php')
 3 SYSTEMPATH\View\View.php(213): include('APPPATH\\Views\\newpis.php')
 4 SYSTEMPATH\View\View.php(216): CodeIgniter\View\View->CodeIgniter\View\{closure}()
 5 SYSTEMPATH\Common.php(1177): CodeIgniter\View\View->render('newpis', [], true)
 6 APPPATH\Controllers\PI.php(130): view('newpis', [...])
 7 SYSTEMPATH\CodeIgniter.php(934): App\Controllers\PI->pisLancados()
 8 SYSTEMPATH\CodeIgniter.php(499): CodeIgniter\CodeIgniter->runController(Object(App\Controllers\PI))
 9 SYSTEMPATH\CodeIgniter.php(368): CodeIgniter\CodeIgniter->handleRequest(null, Object(Config\Cache), false)
10 FCPATH\index.php(67): CodeIgniter\CodeIgniter->run()
WARNING - 2023-08-29 17:55:05 --> [DEPRECATED] explode(): Passing null to parameter #2 ($string) of type string is deprecated in APPPATH\Views\table_lancados.php on line 36.
 1 APPPATH\Views\table_lancados.php(36): explode('-', null)
 2 APPPATH\Views\newpis.php(72): include('APPPATH\\Views\\table_lancados.php')
 3 SYSTEMPATH\View\View.php(213): include('APPPATH\\Views\\newpis.php')
 4 SYSTEMPATH\View\View.php(216): CodeIgniter\View\View->CodeIgniter\View\{closure}()
 5 SYSTEMPATH\Common.php(1177): CodeIgniter\View\View->render('newpis', [], true)
 6 APPPATH\Controllers\PI.php(130): view('newpis', [...])
 7 SYSTEMPATH\CodeIgniter.php(934): App\Controllers\PI->pisLancados()
 8 SYSTEMPATH\CodeIgniter.php(499): CodeIgniter\CodeIgniter->runController(Object(App\Controllers\PI))
 9 SYSTEMPATH\CodeIgniter.php(368): CodeIgniter\CodeIgniter->handleRequest(null, Object(Config\Cache), false)
10 FCPATH\index.php(67): CodeIgniter\CodeIgniter->run()
WARNING - 2023-08-29 17:55:05 --> [DEPRECATED] explode(): Passing null to parameter #2 ($string) of type string is deprecated in APPPATH\Views\table_lancados.php on line 36.
 1 APPPATH\Views\table_lancados.php(36): explode('-', null)
 2 APPPATH\Views\newpis.php(72): include('APPPATH\\Views\\table_lancados.php')
 3 SYSTEMPATH\View\View.php(213): include('APPPATH\\Views\\newpis.php')
 4 SYSTEMPATH\View\View.php(216): CodeIgniter\View\View->CodeIgniter\View\{closure}()
 5 SYSTEMPATH\Common.php(1177): CodeIgniter\View\View->render('newpis', [], true)
 6 APPPATH\Controllers\PI.php(130): view('newpis', [...])
 7 SYSTEMPATH\CodeIgniter.php(934): App\Controllers\PI->pisLancados()
 8 SYSTEMPATH\CodeIgniter.php(499): CodeIgniter\CodeIgniter->runController(Object(App\Controllers\PI))
 9 SYSTEMPATH\CodeIgniter.php(368): CodeIgniter\CodeIgniter->handleRequest(null, Object(Config\Cache), false)
10 FCPATH\index.php(67): CodeIgniter\CodeIgniter->run()
WARNING - 2023-08-29 17:55:05 --> [DEPRECATED] explode(): Passing null to parameter #2 ($string) of type string is deprecated in APPPATH\Views\table_lancados.php on line 36.
 1 APPPATH\Views\table_lancados.php(36): explode('-', null)
 2 APPPATH\Views\newpis.php(72): include('APPPATH\\Views\\table_lancados.php')
 3 SYSTEMPATH\View\View.php(213): include('APPPATH\\Views\\newpis.php')
 4 SYSTEMPATH\View\View.php(216): CodeIgniter\View\View->CodeIgniter\View\{closure}()
 5 SYSTEMPATH\Common.php(1177): CodeIgniter\View\View->render('newpis', [], true)
 6 APPPATH\Controllers\PI.php(130): view('newpis', [...])
 7 SYSTEMPATH\CodeIgniter.php(934): App\Controllers\PI->pisLancados()
 8 SYSTEMPATH\CodeIgniter.php(499): CodeIgniter\CodeIgniter->runController(Object(App\Controllers\PI))
 9 SYSTEMPATH\CodeIgniter.php(368): CodeIgniter\CodeIgniter->handleRequest(null, Object(Config\Cache), false)
10 FCPATH\index.php(67): CodeIgniter\CodeIgniter->run()
WARNING - 2023-08-29 17:55:05 --> [DEPRECATED] explode(): Passing null to parameter #2 ($string) of type string is deprecated in APPPATH\Views\table_lancados.php on line 36.
 1 APPPATH\Views\table_lancados.php(36): explode('-', null)
 2 APPPATH\Views\newpis.php(72): include('APPPATH\\Views\\table_lancados.php')
 3 SYSTEMPATH\View\View.php(213): include('APPPATH\\Views\\newpis.php')
 4 SYSTEMPATH\View\View.php(216): CodeIgniter\View\View->CodeIgniter\View\{closure}()
 5 SYSTEMPATH\Common.php(1177): CodeIgniter\View\View->render('newpis', [], true)
 6 APPPATH\Controllers\PI.php(130): view('newpis', [...])
 7 SYSTEMPATH\CodeIgniter.php(934): App\Controllers\PI->pisLancados()
 8 SYSTEMPATH\CodeIgniter.php(499): CodeIgniter\CodeIgniter->runController(Object(App\Controllers\PI))
 9 SYSTEMPATH\CodeIgniter.php(368): CodeIgniter\CodeIgniter->handleRequest(null, Object(Config\Cache), false)
10 FCPATH\index.php(67): CodeIgniter\CodeIgniter->run()
WARNING - 2023-08-29 17:55:05 --> [DEPRECATED] explode(): Passing null to parameter #2 ($string) of type string is deprecated in APPPATH\Views\table_lancados.php on line 36.
 1 APPPATH\Views\table_lancados.php(36): explode('-', null)
 2 APPPATH\Views\newpis.php(72): include('APPPATH\\Views\\table_lancados.php')
 3 SYSTEMPATH\View\View.php(213): include('APPPATH\\Views\\newpis.php')
 4 SYSTEMPATH\View\View.php(216): CodeIgniter\View\View->CodeIgniter\View\{closure}()
 5 SYSTEMPATH\Common.php(1177): CodeIgniter\View\View->render('newpis', [], true)
 6 APPPATH\Controllers\PI.php(130): view('newpis', [...])
 7 SYSTEMPATH\CodeIgniter.php(934): App\Controllers\PI->pisLancados()
 8 SYSTEMPATH\CodeIgniter.php(499): CodeIgniter\CodeIgniter->runController(Object(App\Controllers\PI))
 9 SYSTEMPATH\CodeIgniter.php(368): CodeIgniter\CodeIgniter->handleRequest(null, Object(Config\Cache), false)
10 FCPATH\index.php(67): CodeIgniter\CodeIgniter->run()
WARNING - 2023-08-29 17:55:05 --> [DEPRECATED] explode(): Passing null to parameter #2 ($string) of type string is deprecated in APPPATH\Views\table_lancados.php on line 36.
 1 APPPATH\Views\table_lancados.php(36): explode('-', null)
 2 APPPATH\Views\newpis.php(72): include('APPPATH\\Views\\table_lancados.php')
 3 SYSTEMPATH\View\View.php(213): include('APPPATH\\Views\\newpis.php')
 4 SYSTEMPATH\View\View.php(216): CodeIgniter\View\View->CodeIgniter\View\{closure}()
 5 SYSTEMPATH\Common.php(1177): CodeIgniter\View\View->render('newpis', [], true)
 6 APPPATH\Controllers\PI.php(130): view('newpis', [...])
 7 SYSTEMPATH\CodeIgniter.php(934): App\Controllers\PI->pisLancados()
 8 SYSTEMPATH\CodeIgniter.php(499): CodeIgniter\CodeIgniter->runController(Object(App\Controllers\PI))
 9 SYSTEMPATH\CodeIgniter.php(368): CodeIgniter\CodeIgniter->handleRequest(null, Object(Config\Cache), false)
10 FCPATH\index.php(67): CodeIgniter\CodeIgniter->run()
WARNING - 2023-08-29 17:55:05 --> [DEPRECATED] explode(): Passing null to parameter #2 ($string) of type string is deprecated in APPPATH\Views\table_lancados.php on line 36.
 1 APPPATH\Views\table_lancados.php(36): explode('-', null)
 2 APPPATH\Views\newpis.php(72): include('APPPATH\\Views\\table_lancados.php')
 3 SYSTEMPATH\View\View.php(213): include('APPPATH\\Views\\newpis.php')
 4 SYSTEMPATH\View\View.php(216): CodeIgniter\View\View->CodeIgniter\View\{closure}()
 5 SYSTEMPATH\Common.php(1177): CodeIgniter\View\View->render('newpis', [], true)
 6 APPPATH\Controllers\PI.php(130): view('newpis', [...])
 7 SYSTEMPATH\CodeIgniter.php(934): App\Controllers\PI->pisLancados()
 8 SYSTEMPATH\CodeIgniter.php(499): CodeIgniter\CodeIgniter->runController(Object(App\Controllers\PI))
 9 SYSTEMPATH\CodeIgniter.php(368): CodeIgniter\CodeIgniter->handleRequest(null, Object(Config\Cache), false)
10 FCPATH\index.php(67): CodeIgniter\CodeIgniter->run()
WARNING - 2023-08-29 17:55:05 --> [DEPRECATED] explode(): Passing null to parameter #2 ($string) of type string is deprecated in APPPATH\Views\table_lancados.php on line 36.
 1 APPPATH\Views\table_lancados.php(36): explode('-', null)
 2 APPPATH\Views\newpis.php(72): include('APPPATH\\Views\\table_lancados.php')
 3 SYSTEMPATH\View\View.php(213): include('APPPATH\\Views\\newpis.php')
 4 SYSTEMPATH\View\View.php(216): CodeIgniter\View\View->CodeIgniter\View\{closure}()
 5 SYSTEMPATH\Common.php(1177): CodeIgniter\View\View->render('newpis', [], true)
 6 APPPATH\Controllers\PI.php(130): view('newpis', [...])
 7 SYSTEMPATH\CodeIgniter.php(934): App\Controllers\PI->pisLancados()
 8 SYSTEMPATH\CodeIgniter.php(499): CodeIgniter\CodeIgniter->runController(Object(App\Controllers\PI))
 9 SYSTEMPATH\CodeIgniter.php(368): CodeIgniter\CodeIgniter->handleRequest(null, Object(Config\Cache), false)
10 FCPATH\index.php(67): CodeIgniter\CodeIgniter->run()
WARNING - 2023-08-29 17:55:05 --> [DEPRECATED] explode(): Passing null to parameter #2 ($string) of type string is deprecated in APPPATH\Views\table_lancados.php on line 36.
 1 APPPATH\Views\table_lancados.php(36): explode('-', null)
 2 APPPATH\Views\newpis.php(72): include('APPPATH\\Views\\table_lancados.php')
 3 SYSTEMPATH\View\View.php(213): include('APPPATH\\Views\\newpis.php')
 4 SYSTEMPATH\View\View.php(216): CodeIgniter\View\View->CodeIgniter\View\{closure}()
 5 SYSTEMPATH\Common.php(1177): CodeIgniter\View\View->render('newpis', [], true)
 6 APPPATH\Controllers\PI.php(130): view('newpis', [...])
 7 SYSTEMPATH\CodeIgniter.php(934): App\Controllers\PI->pisLancados()
 8 SYSTEMPATH\CodeIgniter.php(499): CodeIgniter\CodeIgniter->runController(Object(App\Controllers\PI))
 9 SYSTEMPATH\CodeIgniter.php(368): CodeIgniter\CodeIgniter->handleRequest(null, Object(Config\Cache), false)
10 FCPATH\index.php(67): CodeIgniter\CodeIgniter->run()
WARNING - 2023-08-29 17:55:05 --> [DEPRECATED] explode(): Passing null to parameter #2 ($string) of type string is deprecated in APPPATH\Views\table_lancados.php on line 36.
 1 APPPATH\Views\table_lancados.php(36): explode('-', null)
 2 APPPATH\Views\newpis.php(72): include('APPPATH\\Views\\table_lancados.php')
 3 SYSTEMPATH\View\View.php(213): include('APPPATH\\Views\\newpis.php')
 4 SYSTEMPATH\View\View.php(216): CodeIgniter\View\View->CodeIgniter\View\{closure}()
 5 SYSTEMPATH\Common.php(1177): CodeIgniter\View\View->render('newpis', [], true)
 6 APPPATH\Controllers\PI.php(130): view('newpis', [...])
 7 SYSTEMPATH\CodeIgniter.php(934): App\Controllers\PI->pisLancados()
 8 SYSTEMPATH\CodeIgniter.php(499): CodeIgniter\CodeIgniter->runController(Object(App\Controllers\PI))
 9 SYSTEMPATH\CodeIgniter.php(368): CodeIgniter\CodeIgniter->handleRequest(null, Object(Config\Cache), false)
10 FCPATH\index.php(67): CodeIgniter\CodeIgniter->run()
WARNING - 2023-08-29 17:55:05 --> [DEPRECATED] explode(): Passing null to parameter #2 ($string) of type string is deprecated in APPPATH\Views\table_lancados.php on line 36.
 1 APPPATH\Views\table_lancados.php(36): explode('-', null)
 2 APPPATH\Views\newpis.php(72): include('APPPATH\\Views\\table_lancados.php')
 3 SYSTEMPATH\View\View.php(213): include('APPPATH\\Views\\newpis.php')
 4 SYSTEMPATH\View\View.php(216): CodeIgniter\View\View->CodeIgniter\View\{closure}()
 5 SYSTEMPATH\Common.php(1177): CodeIgniter\View\View->render('newpis', [], true)
 6 APPPATH\Controllers\PI.php(130): view('newpis', [...])
 7 SYSTEMPATH\CodeIgniter.php(934): App\Controllers\PI->pisLancados()
 8 SYSTEMPATH\CodeIgniter.php(499): CodeIgniter\CodeIgniter->runController(Object(App\Controllers\PI))
 9 SYSTEMPATH\CodeIgniter.php(368): CodeIgniter\CodeIgniter->handleRequest(null, Object(Config\Cache), false)
10 FCPATH\index.php(67): CodeIgniter\CodeIgniter->run()
WARNING - 2023-08-29 17:55:05 --> [DEPRECATED] explode(): Passing null to parameter #2 ($string) of type string is deprecated in APPPATH\Views\table_lancados.php on line 36.
 1 APPPATH\Views\table_lancados.php(36): explode('-', null)
 2 APPPATH\Views\newpis.php(72): include('APPPATH\\Views\\table_lancados.php')
 3 SYSTEMPATH\View\View.php(213): include('APPPATH\\Views\\newpis.php')
 4 SYSTEMPATH\View\View.php(216): CodeIgniter\View\View->CodeIgniter\View\{closure}()
 5 SYSTEMPATH\Common.php(1177): CodeIgniter\View\View->render('newpis', [], true)
 6 APPPATH\Controllers\PI.php(130): view('newpis', [...])
 7 SYSTEMPATH\CodeIgniter.php(934): App\Controllers\PI->pisLancados()
 8 SYSTEMPATH\CodeIgniter.php(499): CodeIgniter\CodeIgniter->runController(Object(App\Controllers\PI))
 9 SYSTEMPATH\CodeIgniter.php(368): CodeIgniter\CodeIgniter->handleRequest(null, Object(Config\Cache), false)
10 FCPATH\index.php(67): CodeIgniter\CodeIgniter->run()
WARNING - 2023-08-29 17:55:05 --> [DEPRECATED] explode(): Passing null to parameter #2 ($string) of type string is deprecated in APPPATH\Views\table_lancados.php on line 36.
 1 APPPATH\Views\table_lancados.php(36): explode('-', null)
 2 APPPATH\Views\newpis.php(72): include('APPPATH\\Views\\table_lancados.php')
 3 SYSTEMPATH\View\View.php(213): include('APPPATH\\Views\\newpis.php')
 4 SYSTEMPATH\View\View.php(216): CodeIgniter\View\View->CodeIgniter\View\{closure}()
 5 SYSTEMPATH\Common.php(1177): CodeIgniter\View\View->render('newpis', [], true)
 6 APPPATH\Controllers\PI.php(130): view('newpis', [...])
 7 SYSTEMPATH\CodeIgniter.php(934): App\Controllers\PI->pisLancados()
 8 SYSTEMPATH\CodeIgniter.php(499): CodeIgniter\CodeIgniter->runController(Object(App\Controllers\PI))
 9 SYSTEMPATH\CodeIgniter.php(368): CodeIgniter\CodeIgniter->handleRequest(null, Object(Config\Cache), false)
10 FCPATH\index.php(67): CodeIgniter\CodeIgniter->run()
WARNING - 2023-08-29 17:55:05 --> [DEPRECATED] explode(): Passing null to parameter #2 ($string) of type string is deprecated in APPPATH\Views\table_lancados.php on line 36.
 1 APPPATH\Views\table_lancados.php(36): explode('-', null)
 2 APPPATH\Views\newpis.php(72): include('APPPATH\\Views\\table_lancados.php')
 3 SYSTEMPATH\View\View.php(213): include('APPPATH\\Views\\newpis.php')
 4 SYSTEMPATH\View\View.php(216): CodeIgniter\View\View->CodeIgniter\View\{closure}()
 5 SYSTEMPATH\Common.php(1177): CodeIgniter\View\View->render('newpis', [], true)
 6 APPPATH\Controllers\PI.php(130): view('newpis', [...])
 7 SYSTEMPATH\CodeIgniter.php(934): App\Controllers\PI->pisLancados()
 8 SYSTEMPATH\CodeIgniter.php(499): CodeIgniter\CodeIgniter->runController(Object(App\Controllers\PI))
 9 SYSTEMPATH\CodeIgniter.php(368): CodeIgniter\CodeIgniter->handleRequest(null, Object(Config\Cache), false)
10 FCPATH\index.php(67): CodeIgniter\CodeIgniter->run()
CRITICAL - 2023-08-29 17:57:46 --> Undefined variable $tipopi
in APPPATH\Views\newpis.php on line 45.
 1 APPPATH\Views\newpis.php(45): CodeIgniter\Debug\Exceptions->errorHandler(2, 'Undefined variable $tipopi', 'APPPATH\\Views\\newpis.php', 45)
 2 SYSTEMPATH\View\View.php(213): include('APPPATH\\Views\\newpis.php')
 3 SYSTEMPATH\View\View.php(216): CodeIgniter\View\View->CodeIgniter\View\{closure}()
 4 SYSTEMPATH\Common.php(1177): CodeIgniter\View\View->render('newpis', [], true)
 5 APPPATH\Controllers\PI.php(271): view('newpis')
 6 SYSTEMPATH\CodeIgniter.php(934): App\Controllers\PI->newPIs()
 7 SYSTEMPATH\CodeIgniter.php(499): CodeIgniter\CodeIgniter->runController(Object(App\Controllers\PI))
 8 SYSTEMPATH\CodeIgniter.php(368): CodeIgniter\CodeIgniter->handleRequest(null, Object(Config\Cache), false)
 9 FCPATH\index.php(67): CodeIgniter\CodeIgniter->run()
WARNING - 2023-08-29 17:58:03 --> [DEPRECATED] explode(): Passing null to parameter #2 ($string) of type string is deprecated in APPPATH\Views\table_lancados.php on line 36.
 1 APPPATH\Views\table_lancados.php(36): explode('-', null)
 2 APPPATH\Views\newpis.php(72): include('APPPATH\\Views\\table_lancados.php')
 3 SYSTEMPATH\View\View.php(213): include('APPPATH\\Views\\newpis.php')
 4 SYSTEMPATH\View\View.php(216): CodeIgniter\View\View->CodeIgniter\View\{closure}()
 5 SYSTEMPATH\Common.php(1177): CodeIgniter\View\View->render('newpis', [], true)
 6 APPPATH\Controllers\PI.php(130): view('newpis', [...])
 7 SYSTEMPATH\CodeIgniter.php(934): App\Controllers\PI->pisLancados()
 8 SYSTEMPATH\CodeIgniter.php(499): CodeIgniter\CodeIgniter->runController(Object(App\Controllers\PI))
 9 SYSTEMPATH\CodeIgniter.php(368): CodeIgniter\CodeIgniter->handleRequest(null, Object(Config\Cache), false)
10 FCPATH\index.php(67): CodeIgniter\CodeIgniter->run()
WARNING - 2023-08-29 17:58:03 --> [DEPRECATED] explode(): Passing null to parameter #2 ($string) of type string is deprecated in APPPATH\Views\table_lancados.php on line 36.
 1 APPPATH\Views\table_lancados.php(36): explode('-', null)
 2 APPPATH\Views\newpis.php(72): include('APPPATH\\Views\\table_lancados.php')
 3 SYSTEMPATH\View\View.php(213): include('APPPATH\\Views\\newpis.php')
 4 SYSTEMPATH\View\View.php(216): CodeIgniter\View\View->CodeIgniter\View\{closure}()
 5 SYSTEMPATH\Common.php(1177): CodeIgniter\View\View->render('newpis', [], true)
 6 APPPATH\Controllers\PI.php(130): view('newpis', [...])
 7 SYSTEMPATH\CodeIgniter.php(934): App\Controllers\PI->pisLancados()
 8 SYSTEMPATH\CodeIgniter.php(499): CodeIgniter\CodeIgniter->runController(Object(App\Controllers\PI))
 9 SYSTEMPATH\CodeIgniter.php(368): CodeIgniter\CodeIgniter->handleRequest(null, Object(Config\Cache), false)
10 FCPATH\index.php(67): CodeIgniter\CodeIgniter->run()
WARNING - 2023-08-29 17:58:03 --> [DEPRECATED] explode(): Passing null to parameter #2 ($string) of type string is deprecated in APPPATH\Views\table_lancados.php on line 36.
 1 APPPATH\Views\table_lancados.php(36): explode('-', null)
 2 APPPATH\Views\newpis.php(72): include('APPPATH\\Views\\table_lancados.php')
 3 SYSTEMPATH\View\View.php(213): include('APPPATH\\Views\\newpis.php')
 4 SYSTEMPATH\View\View.php(216): CodeIgniter\View\View->CodeIgniter\View\{closure}()
 5 SYSTEMPATH\Common.php(1177): CodeIgniter\View\View->render('newpis', [], true)
 6 APPPATH\Controllers\PI.php(130): view('newpis', [...])
 7 SYSTEMPATH\CodeIgniter.php(934): App\Controllers\PI->pisLancados()
 8 SYSTEMPATH\CodeIgniter.php(499): CodeIgniter\CodeIgniter->runController(Object(App\Controllers\PI))
 9 SYSTEMPATH\CodeIgniter.php(368): CodeIgniter\CodeIgniter->handleRequest(null, Object(Config\Cache), false)
10 FCPATH\index.php(67): CodeIgniter\CodeIgniter->run()
WARNING - 2023-08-29 17:58:03 --> [DEPRECATED] explode(): Passing null to parameter #2 ($string) of type string is deprecated in APPPATH\Views\table_lancados.php on line 36.
 1 APPPATH\Views\table_lancados.php(36): explode('-', null)
 2 APPPATH\Views\newpis.php(72): include('APPPATH\\Views\\table_lancados.php')
 3 SYSTEMPATH\View\View.php(213): include('APPPATH\\Views\\newpis.php')
 4 SYSTEMPATH\View\View.php(216): CodeIgniter\View\View->CodeIgniter\View\{closure}()
 5 SYSTEMPATH\Common.php(1177): CodeIgniter\View\View->render('newpis', [], true)
 6 APPPATH\Controllers\PI.php(130): view('newpis', [...])
 7 SYSTEMPATH\CodeIgniter.php(934): App\Controllers\PI->pisLancados()
 8 SYSTEMPATH\CodeIgniter.php(499): CodeIgniter\CodeIgniter->runController(Object(App\Controllers\PI))
 9 SYSTEMPATH\CodeIgniter.php(368): CodeIgniter\CodeIgniter->handleRequest(null, Object(Config\Cache), false)
10 FCPATH\index.php(67): CodeIgniter\CodeIgniter->run()
WARNING - 2023-08-29 17:58:03 --> [DEPRECATED] explode(): Passing null to parameter #2 ($string) of type string is deprecated in APPPATH\Views\table_lancados.php on line 36.
 1 APPPATH\Views\table_lancados.php(36): explode('-', null)
 2 APPPATH\Views\newpis.php(72): include('APPPATH\\Views\\table_lancados.php')
 3 SYSTEMPATH\View\View.php(213): include('APPPATH\\Views\\newpis.php')
 4 SYSTEMPATH\View\View.php(216): CodeIgniter\View\View->CodeIgniter\View\{closure}()
 5 SYSTEMPATH\Common.php(1177): CodeIgniter\View\View->render('newpis', [], true)
 6 APPPATH\Controllers\PI.php(130): view('newpis', [...])
 7 SYSTEMPATH\CodeIgniter.php(934): App\Controllers\PI->pisLancados()
 8 SYSTEMPATH\CodeIgniter.php(499): CodeIgniter\CodeIgniter->runController(Object(App\Controllers\PI))
 9 SYSTEMPATH\CodeIgniter.php(368): CodeIgniter\CodeIgniter->handleRequest(null, Object(Config\Cache), false)
10 FCPATH\index.php(67): CodeIgniter\CodeIgniter->run()
WARNING - 2023-08-29 17:58:03 --> [DEPRECATED] explode(): Passing null to parameter #2 ($string) of type string is deprecated in APPPATH\Views\table_lancados.php on line 36.
 1 APPPATH\Views\table_lancados.php(36): explode('-', null)
 2 APPPATH\Views\newpis.php(72): include('APPPATH\\Views\\table_lancados.php')
 3 SYSTEMPATH\View\View.php(213): include('APPPATH\\Views\\newpis.php')
 4 SYSTEMPATH\View\View.php(216): CodeIgniter\View\View->CodeIgniter\View\{closure}()
 5 SYSTEMPATH\Common.php(1177): CodeIgniter\View\View->render('newpis', [], true)
 6 APPPATH\Controllers\PI.php(130): view('newpis', [...])
 7 SYSTEMPATH\CodeIgniter.php(934): App\Controllers\PI->pisLancados()
 8 SYSTEMPATH\CodeIgniter.php(499): CodeIgniter\CodeIgniter->runController(Object(App\Controllers\PI))
 9 SYSTEMPATH\CodeIgniter.php(368): CodeIgniter\CodeIgniter->handleRequest(null, Object(Config\Cache), false)
10 FCPATH\index.php(67): CodeIgniter\CodeIgniter->run()
WARNING - 2023-08-29 17:58:03 --> [DEPRECATED] explode(): Passing null to parameter #2 ($string) of type string is deprecated in APPPATH\Views\table_lancados.php on line 36.
 1 APPPATH\Views\table_lancados.php(36): explode('-', null)
 2 APPPATH\Views\newpis.php(72): include('APPPATH\\Views\\table_lancados.php')
 3 SYSTEMPATH\View\View.php(213): include('APPPATH\\Views\\newpis.php')
 4 SYSTEMPATH\View\View.php(216): CodeIgniter\View\View->CodeIgniter\View\{closure}()
 5 SYSTEMPATH\Common.php(1177): CodeIgniter\View\View->render('newpis', [], true)
 6 APPPATH\Controllers\PI.php(130): view('newpis', [...])
 7 SYSTEMPATH\CodeIgniter.php(934): App\Controllers\PI->pisLancados()
 8 SYSTEMPATH\CodeIgniter.php(499): CodeIgniter\CodeIgniter->runController(Object(App\Controllers\PI))
 9 SYSTEMPATH\CodeIgniter.php(368): CodeIgniter\CodeIgniter->handleRequest(null, Object(Config\Cache), false)
10 FCPATH\index.php(67): CodeIgniter\CodeIgniter->run()
WARNING - 2023-08-29 17:58:03 --> [DEPRECATED] explode(): Passing null to parameter #2 ($string) of type string is deprecated in APPPATH\Views\table_lancados.php on line 36.
 1 APPPATH\Views\table_lancados.php(36): explode('-', null)
 2 APPPATH\Views\newpis.php(72): include('APPPATH\\Views\\table_lancados.php')
 3 SYSTEMPATH\View\View.php(213): include('APPPATH\\Views\\newpis.php')
 4 SYSTEMPATH\View\View.php(216): CodeIgniter\View\View->CodeIgniter\View\{closure}()
 5 SYSTEMPATH\Common.php(1177): CodeIgniter\View\View->render('newpis', [], true)
 6 APPPATH\Controllers\PI.php(130): view('newpis', [...])
 7 SYSTEMPATH\CodeIgniter.php(934): App\Controllers\PI->pisLancados()
 8 SYSTEMPATH\CodeIgniter.php(499): CodeIgniter\CodeIgniter->runController(Object(App\Controllers\PI))
 9 SYSTEMPATH\CodeIgniter.php(368): CodeIgniter\CodeIgniter->handleRequest(null, Object(Config\Cache), false)
10 FCPATH\index.php(67): CodeIgniter\CodeIgniter->run()
WARNING - 2023-08-29 17:58:03 --> [DEPRECATED] explode(): Passing null to parameter #2 ($string) of type string is deprecated in APPPATH\Views\table_lancados.php on line 36.
 1 APPPATH\Views\table_lancados.php(36): explode('-', null)
 2 APPPATH\Views\newpis.php(72): include('APPPATH\\Views\\table_lancados.php')
 3 SYSTEMPATH\View\View.php(213): include('APPPATH\\Views\\newpis.php')
 4 SYSTEMPATH\View\View.php(216): CodeIgniter\View\View->CodeIgniter\View\{closure}()
 5 SYSTEMPATH\Common.php(1177): CodeIgniter\View\View->render('newpis', [], true)
 6 APPPATH\Controllers\PI.php(130): view('newpis', [...])
 7 SYSTEMPATH\CodeIgniter.php(934): App\Controllers\PI->pisLancados()
 8 SYSTEMPATH\CodeIgniter.php(499): CodeIgniter\CodeIgniter->runController(Object(App\Controllers\PI))
 9 SYSTEMPATH\CodeIgniter.php(368): CodeIgniter\CodeIgniter->handleRequest(null, Object(Config\Cache), false)
10 FCPATH\index.php(67): CodeIgniter\CodeIgniter->run()
WARNING - 2023-08-29 17:58:03 --> [DEPRECATED] explode(): Passing null to parameter #2 ($string) of type string is deprecated in APPPATH\Views\table_lancados.php on line 36.
 1 APPPATH\Views\table_lancados.php(36): explode('-', null)
 2 APPPATH\Views\newpis.php(72): include('APPPATH\\Views\\table_lancados.php')
 3 SYSTEMPATH\View\View.php(213): include('APPPATH\\Views\\newpis.php')
 4 SYSTEMPATH\View\View.php(216): CodeIgniter\View\View->CodeIgniter\View\{closure}()
 5 SYSTEMPATH\Common.php(1177): CodeIgniter\View\View->render('newpis', [], true)
 6 APPPATH\Controllers\PI.php(130): view('newpis', [...])
 7 SYSTEMPATH\CodeIgniter.php(934): App\Controllers\PI->pisLancados()
 8 SYSTEMPATH\CodeIgniter.php(499): CodeIgniter\CodeIgniter->runController(Object(App\Controllers\PI))
 9 SYSTEMPATH\CodeIgniter.php(368): CodeIgniter\CodeIgniter->handleRequest(null, Object(Config\Cache), false)
10 FCPATH\index.php(67): CodeIgniter\CodeIgniter->run()
WARNING - 2023-08-29 17:58:03 --> [DEPRECATED] explode(): Passing null to parameter #2 ($string) of type string is deprecated in APPPATH\Views\table_lancados.php on line 36.
 1 APPPATH\Views\table_lancados.php(36): explode('-', null)
 2 APPPATH\Views\newpis.php(72): include('APPPATH\\Views\\table_lancados.php')
 3 SYSTEMPATH\View\View.php(213): include('APPPATH\\Views\\newpis.php')
 4 SYSTEMPATH\View\View.php(216): CodeIgniter\View\View->CodeIgniter\View\{closure}()
 5 SYSTEMPATH\Common.php(1177): CodeIgniter\View\View->render('newpis', [], true)
 6 APPPATH\Controllers\PI.php(130): view('newpis', [...])
 7 SYSTEMPATH\CodeIgniter.php(934): App\Controllers\PI->pisLancados()
 8 SYSTEMPATH\CodeIgniter.php(499): CodeIgniter\CodeIgniter->runController(Object(App\Controllers\PI))
 9 SYSTEMPATH\CodeIgniter.php(368): CodeIgniter\CodeIgniter->handleRequest(null, Object(Config\Cache), false)
10 FCPATH\index.php(67): CodeIgniter\CodeIgniter->run()
WARNING - 2023-08-29 17:58:03 --> [DEPRECATED] explode(): Passing null to parameter #2 ($string) of type string is deprecated in APPPATH\Views\table_lancados.php on line 36.
 1 APPPATH\Views\table_lancados.php(36): explode('-', null)
 2 APPPATH\Views\newpis.php(72): include('APPPATH\\Views\\table_lancados.php')
 3 SYSTEMPATH\View\View.php(213): include('APPPATH\\Views\\newpis.php')
 4 SYSTEMPATH\View\View.php(216): CodeIgniter\View\View->CodeIgniter\View\{closure}()
 5 SYSTEMPATH\Common.php(1177): CodeIgniter\View\View->render('newpis', [], true)
 6 APPPATH\Controllers\PI.php(130): view('newpis', [...])
 7 SYSTEMPATH\CodeIgniter.php(934): App\Controllers\PI->pisLancados()
 8 SYSTEMPATH\CodeIgniter.php(499): CodeIgniter\CodeIgniter->runController(Object(App\Controllers\PI))
 9 SYSTEMPATH\CodeIgniter.php(368): CodeIgniter\CodeIgniter->handleRequest(null, Object(Config\Cache), false)
10 FCPATH\index.php(67): CodeIgniter\CodeIgniter->run()
WARNING - 2023-08-29 17:58:03 --> [DEPRECATED] explode(): Passing null to parameter #2 ($string) of type string is deprecated in APPPATH\Views\table_lancados.php on line 36.
 1 APPPATH\Views\table_lancados.php(36): explode('-', null)
 2 APPPATH\Views\newpis.php(72): include('APPPATH\\Views\\table_lancados.php')
 3 SYSTEMPATH\View\View.php(213): include('APPPATH\\Views\\newpis.php')
 4 SYSTEMPATH\View\View.php(216): CodeIgniter\View\View->CodeIgniter\View\{closure}()
 5 SYSTEMPATH\Common.php(1177): CodeIgniter\View\View->render('newpis', [], true)
 6 APPPATH\Controllers\PI.php(130): view('newpis', [...])
 7 SYSTEMPATH\CodeIgniter.php(934): App\Controllers\PI->pisLancados()
 8 SYSTEMPATH\CodeIgniter.php(499): CodeIgniter\CodeIgniter->runController(Object(App\Controllers\PI))
 9 SYSTEMPATH\CodeIgniter.php(368): CodeIgniter\CodeIgniter->handleRequest(null, Object(Config\Cache), false)
10 FCPATH\index.php(67): CodeIgniter\CodeIgniter->run()
WARNING - 2023-08-29 17:58:03 --> [DEPRECATED] explode(): Passing null to parameter #2 ($string) of type string is deprecated in APPPATH\Views\table_lancados.php on line 36.
 1 APPPATH\Views\table_lancados.php(36): explode('-', null)
 2 APPPATH\Views\newpis.php(72): include('APPPATH\\Views\\table_lancados.php')
 3 SYSTEMPATH\View\View.php(213): include('APPPATH\\Views\\newpis.php')
 4 SYSTEMPATH\View\View.php(216): CodeIgniter\View\View->CodeIgniter\View\{closure}()
 5 SYSTEMPATH\Common.php(1177): CodeIgniter\View\View->render('newpis', [], true)
 6 APPPATH\Controllers\PI.php(130): view('newpis', [...])
 7 SYSTEMPATH\CodeIgniter.php(934): App\Controllers\PI->pisLancados()
 8 SYSTEMPATH\CodeIgniter.php(499): CodeIgniter\CodeIgniter->runController(Object(App\Controllers\PI))
 9 SYSTEMPATH\CodeIgniter.php(368): CodeIgniter\CodeIgniter->handleRequest(null, Object(Config\Cache), false)
10 FCPATH\index.php(67): CodeIgniter\CodeIgniter->run()
WARNING - 2023-08-29 17:58:03 --> [DEPRECATED] explode(): Passing null to parameter #2 ($string) of type string is deprecated in APPPATH\Views\table_lancados.php on line 36.
 1 APPPATH\Views\table_lancados.php(36): explode('-', null)
 2 APPPATH\Views\newpis.php(72): include('APPPATH\\Views\\table_lancados.php')
 3 SYSTEMPATH\View\View.php(213): include('APPPATH\\Views\\newpis.php')
 4 SYSTEMPATH\View\View.php(216): CodeIgniter\View\View->CodeIgniter\View\{closure}()
 5 SYSTEMPATH\Common.php(1177): CodeIgniter\View\View->render('newpis', [], true)
 6 APPPATH\Controllers\PI.php(130): view('newpis', [...])
 7 SYSTEMPATH\CodeIgniter.php(934): App\Controllers\PI->pisLancados()
 8 SYSTEMPATH\CodeIgniter.php(499): CodeIgniter\CodeIgniter->runController(Object(App\Controllers\PI))
 9 SYSTEMPATH\CodeIgniter.php(368): CodeIgniter\CodeIgniter->handleRequest(null, Object(Config\Cache), false)
10 FCPATH\index.php(67): CodeIgniter\CodeIgniter->run()
WARNING - 2023-08-29 17:58:03 --> [DEPRECATED] explode(): Passing null to parameter #2 ($string) of type string is deprecated in APPPATH\Views\table_lancados.php on line 36.
 1 APPPATH\Views\table_lancados.php(36): explode('-', null)
 2 APPPATH\Views\newpis.php(72): include('APPPATH\\Views\\table_lancados.php')
 3 SYSTEMPATH\View\View.php(213): include('APPPATH\\Views\\newpis.php')
 4 SYSTEMPATH\View\View.php(216): CodeIgniter\View\View->CodeIgniter\View\{closure}()
 5 SYSTEMPATH\Common.php(1177): CodeIgniter\View\View->render('newpis', [], true)
 6 APPPATH\Controllers\PI.php(130): view('newpis', [...])
 7 SYSTEMPATH\CodeIgniter.php(934): App\Controllers\PI->pisLancados()
 8 SYSTEMPATH\CodeIgniter.php(499): CodeIgniter\CodeIgniter->runController(Object(App\Controllers\PI))
 9 SYSTEMPATH\CodeIgniter.php(368): CodeIgniter\CodeIgniter->handleRequest(null, Object(Config\Cache), false)
10 FCPATH\index.php(67): CodeIgniter\CodeIgniter->run()
WARNING - 2023-08-29 17:58:03 --> [DEPRECATED] explode(): Passing null to parameter #2 ($string) of type string is deprecated in APPPATH\Views\table_lancados.php on line 36.
 1 APPPATH\Views\table_lancados.php(36): explode('-', null)
 2 APPPATH\Views\newpis.php(72): include('APPPATH\\Views\\table_lancados.php')
 3 SYSTEMPATH\View\View.php(213): include('APPPATH\\Views\\newpis.php')
 4 SYSTEMPATH\View\View.php(216): CodeIgniter\View\View->CodeIgniter\View\{closure}()
 5 SYSTEMPATH\Common.php(1177): CodeIgniter\View\View->render('newpis', [], true)
 6 APPPATH\Controllers\PI.php(130): view('newpis', [...])
 7 SYSTEMPATH\CodeIgniter.php(934): App\Controllers\PI->pisLancados()
 8 SYSTEMPATH\CodeIgniter.php(499): CodeIgniter\CodeIgniter->runController(Object(App\Controllers\PI))
 9 SYSTEMPATH\CodeIgniter.php(368): CodeIgniter\CodeIgniter->handleRequest(null, Object(Config\Cache), false)
10 FCPATH\index.php(67): CodeIgniter\CodeIgniter->run()
WARNING - 2023-08-29 17:59:32 --> [DEPRECATED] explode(): Passing null to parameter #2 ($string) of type string is deprecated in APPPATH\Views\table_lancados.php on line 36.
 1 APPPATH\Views\table_lancados.php(36): explode('-', null)
 2 APPPATH\Views\newpis.php(72): include('APPPATH\\Views\\table_lancados.php')
 3 SYSTEMPATH\View\View.php(213): include('APPPATH\\Views\\newpis.php')
 4 SYSTEMPATH\View\View.php(216): CodeIgniter\View\View->CodeIgniter\View\{closure}()
 5 SYSTEMPATH\Common.php(1177): CodeIgniter\View\View->render('newpis', [], true)
 6 APPPATH\Controllers\PI.php(130): view('newpis', [...])
 7 SYSTEMPATH\CodeIgniter.php(934): App\Controllers\PI->pisLancados()
 8 SYSTEMPATH\CodeIgniter.php(499): CodeIgniter\CodeIgniter->runController(Object(App\Controllers\PI))
 9 SYSTEMPATH\CodeIgniter.php(368): CodeIgniter\CodeIgniter->handleRequest(null, Object(Config\Cache), false)
10 FCPATH\index.php(67): CodeIgniter\CodeIgniter->run()
WARNING - 2023-08-29 17:59:32 --> [DEPRECATED] explode(): Passing null to parameter #2 ($string) of type string is deprecated in APPPATH\Views\table_lancados.php on line 36.
 1 APPPATH\Views\table_lancados.php(36): explode('-', null)
 2 APPPATH\Views\newpis.php(72): include('APPPATH\\Views\\table_lancados.php')
 3 SYSTEMPATH\View\View.php(213): include('APPPATH\\Views\\newpis.php')
 4 SYSTEMPATH\View\View.php(216): CodeIgniter\View\View->CodeIgniter\View\{closure}()
 5 SYSTEMPATH\Common.php(1177): CodeIgniter\View\View->render('newpis', [], true)
 6 APPPATH\Controllers\PI.php(130): view('newpis', [...])
 7 SYSTEMPATH\CodeIgniter.php(934): App\Controllers\PI->pisLancados()
 8 SYSTEMPATH\CodeIgniter.php(499): CodeIgniter\CodeIgniter->runController(Object(App\Controllers\PI))
 9 SYSTEMPATH\CodeIgniter.php(368): CodeIgniter\CodeIgniter->handleRequest(null, Object(Config\Cache), false)
10 FCPATH\index.php(67): CodeIgniter\CodeIgniter->run()
WARNING - 2023-08-29 17:59:32 --> [DEPRECATED] explode(): Passing null to parameter #2 ($string) of type string is deprecated in APPPATH\Views\table_lancados.php on line 36.
 1 APPPATH\Views\table_lancados.php(36): explode('-', null)
 2 APPPATH\Views\newpis.php(72): include('APPPATH\\Views\\table_lancados.php')
 3 SYSTEMPATH\View\View.php(213): include('APPPATH\\Views\\newpis.php')
 4 SYSTEMPATH\View\View.php(216): CodeIgniter\View\View->CodeIgniter\View\{closure}()
 5 SYSTEMPATH\Common.php(1177): CodeIgniter\View\View->render('newpis', [], true)
 6 APPPATH\Controllers\PI.php(130): view('newpis', [...])
 7 SYSTEMPATH\CodeIgniter.php(934): App\Controllers\PI->pisLancados()
 8 SYSTEMPATH\CodeIgniter.php(499): CodeIgniter\CodeIgniter->runController(Object(App\Controllers\PI))
 9 SYSTEMPATH\CodeIgniter.php(368): CodeIgniter\CodeIgniter->handleRequest(null, Object(Config\Cache), false)
10 FCPATH\index.php(67): CodeIgniter\CodeIgniter->run()
WARNING - 2023-08-29 17:59:32 --> [DEPRECATED] explode(): Passing null to parameter #2 ($string) of type string is deprecated in APPPATH\Views\table_lancados.php on line 36.
 1 APPPATH\Views\table_lancados.php(36): explode('-', null)
 2 APPPATH\Views\newpis.php(72): include('APPPATH\\Views\\table_lancados.php')
 3 SYSTEMPATH\View\View.php(213): include('APPPATH\\Views\\newpis.php')
 4 SYSTEMPATH\View\View.php(216): CodeIgniter\View\View->CodeIgniter\View\{closure}()
 5 SYSTEMPATH\Common.php(1177): CodeIgniter\View\View->render('newpis', [], true)
 6 APPPATH\Controllers\PI.php(130): view('newpis', [...])
 7 SYSTEMPATH\CodeIgniter.php(934): App\Controllers\PI->pisLancados()
 8 SYSTEMPATH\CodeIgniter.php(499): CodeIgniter\CodeIgniter->runController(Object(App\Controllers\PI))
 9 SYSTEMPATH\CodeIgniter.php(368): CodeIgniter\CodeIgniter->handleRequest(null, Object(Config\Cache), false)
10 FCPATH\index.php(67): CodeIgniter\CodeIgniter->run()
WARNING - 2023-08-29 17:59:32 --> [DEPRECATED] explode(): Passing null to parameter #2 ($string) of type string is deprecated in APPPATH\Views\table_lancados.php on line 36.
 1 APPPATH\Views\table_lancados.php(36): explode('-', null)
 2 APPPATH\Views\newpis.php(72): include('APPPATH\\Views\\table_lancados.php')
 3 SYSTEMPATH\View\View.php(213): include('APPPATH\\Views\\newpis.php')
 4 SYSTEMPATH\View\View.php(216): CodeIgniter\View\View->CodeIgniter\View\{closure}()
 5 SYSTEMPATH\Common.php(1177): CodeIgniter\View\View->render('newpis', [], true)
 6 APPPATH\Controllers\PI.php(130): view('newpis', [...])
 7 SYSTEMPATH\CodeIgniter.php(934): App\Controllers\PI->pisLancados()
 8 SYSTEMPATH\CodeIgniter.php(499): CodeIgniter\CodeIgniter->runController(Object(App\Controllers\PI))
 9 SYSTEMPATH\CodeIgniter.php(368): CodeIgniter\CodeIgniter->handleRequest(null, Object(Config\Cache), false)
10 FCPATH\index.php(67): CodeIgniter\CodeIgniter->run()
WARNING - 2023-08-29 17:59:32 --> [DEPRECATED] explode(): Passing null to parameter #2 ($string) of type string is deprecated in APPPATH\Views\table_lancados.php on line 36.
 1 APPPATH\Views\table_lancados.php(36): explode('-', null)
 2 APPPATH\Views\newpis.php(72): include('APPPATH\\Views\\table_lancados.php')
 3 SYSTEMPATH\View\View.php(213): include('APPPATH\\Views\\newpis.php')
 4 SYSTEMPATH\View\View.php(216): CodeIgniter\View\View->CodeIgniter\View\{closure}()
 5 SYSTEMPATH\Common.php(1177): CodeIgniter\View\View->render('newpis', [], true)
 6 APPPATH\Controllers\PI.php(130): view('newpis', [...])
 7 SYSTEMPATH\CodeIgniter.php(934): App\Controllers\PI->pisLancados()
 8 SYSTEMPATH\CodeIgniter.php(499): CodeIgniter\CodeIgniter->runController(Object(App\Controllers\PI))
 9 SYSTEMPATH\CodeIgniter.php(368): CodeIgniter\CodeIgniter->handleRequest(null, Object(Config\Cache), false)
10 FCPATH\index.php(67): CodeIgniter\CodeIgniter->run()
WARNING - 2023-08-29 17:59:32 --> [DEPRECATED] explode(): Passing null to parameter #2 ($string) of type string is deprecated in APPPATH\Views\table_lancados.php on line 36.
 1 APPPATH\Views\table_lancados.php(36): explode('-', null)
 2 APPPATH\Views\newpis.php(72): include('APPPATH\\Views\\table_lancados.php')
 3 SYSTEMPATH\View\View.php(213): include('APPPATH\\Views\\newpis.php')
 4 SYSTEMPATH\View\View.php(216): CodeIgniter\View\View->CodeIgniter\View\{closure}()
 5 SYSTEMPATH\Common.php(1177): CodeIgniter\View\View->render('newpis', [], true)
 6 APPPATH\Controllers\PI.php(130): view('newpis', [...])
 7 SYSTEMPATH\CodeIgniter.php(934): App\Controllers\PI->pisLancados()
 8 SYSTEMPATH\CodeIgniter.php(499): CodeIgniter\CodeIgniter->runController(Object(App\Controllers\PI))
 9 SYSTEMPATH\CodeIgniter.php(368): CodeIgniter\CodeIgniter->handleRequest(null, Object(Config\Cache), false)
10 FCPATH\index.php(67): CodeIgniter\CodeIgniter->run()
WARNING - 2023-08-29 17:59:32 --> [DEPRECATED] explode(): Passing null to parameter #2 ($string) of type string is deprecated in APPPATH\Views\table_lancados.php on line 36.
 1 APPPATH\Views\table_lancados.php(36): explode('-', null)
 2 APPPATH\Views\newpis.php(72): include('APPPATH\\Views\\table_lancados.php')
 3 SYSTEMPATH\View\View.php(213): include('APPPATH\\Views\\newpis.php')
 4 SYSTEMPATH\View\View.php(216): CodeIgniter\View\View->CodeIgniter\View\{closure}()
 5 SYSTEMPATH\Common.php(1177): CodeIgniter\View\View->render('newpis', [], true)
 6 APPPATH\Controllers\PI.php(130): view('newpis', [...])
 7 SYSTEMPATH\CodeIgniter.php(934): App\Controllers\PI->pisLancados()
 8 SYSTEMPATH\CodeIgniter.php(499): CodeIgniter\CodeIgniter->runController(Object(App\Controllers\PI))
 9 SYSTEMPATH\CodeIgniter.php(368): CodeIgniter\CodeIgniter->handleRequest(null, Object(Config\Cache), false)
10 FCPATH\index.php(67): CodeIgniter\CodeIgniter->run()
WARNING - 2023-08-29 17:59:32 --> [DEPRECATED] explode(): Passing null to parameter #2 ($string) of type string is deprecated in APPPATH\Views\table_lancados.php on line 36.
 1 APPPATH\Views\table_lancados.php(36): explode('-', null)
 2 APPPATH\Views\newpis.php(72): include('APPPATH\\Views\\table_lancados.php')
 3 SYSTEMPATH\View\View.php(213): include('APPPATH\\Views\\newpis.php')
 4 SYSTEMPATH\View\View.php(216): CodeIgniter\View\View->CodeIgniter\View\{closure}()
 5 SYSTEMPATH\Common.php(1177): CodeIgniter\View\View->render('newpis', [], true)
 6 APPPATH\Controllers\PI.php(130): view('newpis', [...])
 7 SYSTEMPATH\CodeIgniter.php(934): App\Controllers\PI->pisLancados()
 8 SYSTEMPATH\CodeIgniter.php(499): CodeIgniter\CodeIgniter->runController(Object(App\Controllers\PI))
 9 SYSTEMPATH\CodeIgniter.php(368): CodeIgniter\CodeIgniter->handleRequest(null, Object(Config\Cache), false)
10 FCPATH\index.php(67): CodeIgniter\CodeIgniter->run()
WARNING - 2023-08-29 17:59:32 --> [DEPRECATED] explode(): Passing null to parameter #2 ($string) of type string is deprecated in APPPATH\Views\table_lancados.php on line 36.
 1 APPPATH\Views\table_lancados.php(36): explode('-', null)
 2 APPPATH\Views\newpis.php(72): include('APPPATH\\Views\\table_lancados.php')
 3 SYSTEMPATH\View\View.php(213): include('APPPATH\\Views\\newpis.php')
 4 SYSTEMPATH\View\View.php(216): CodeIgniter\View\View->CodeIgniter\View\{closure}()
 5 SYSTEMPATH\Common.php(1177): CodeIgniter\View\View->render('newpis', [], true)
 6 APPPATH\Controllers\PI.php(130): view('newpis', [...])
 7 SYSTEMPATH\CodeIgniter.php(934): App\Controllers\PI->pisLancados()
 8 SYSTEMPATH\CodeIgniter.php(499): CodeIgniter\CodeIgniter->runController(Object(App\Controllers\PI))
 9 SYSTEMPATH\CodeIgniter.php(368): CodeIgniter\CodeIgniter->handleRequest(null, Object(Config\Cache), false)
10 FCPATH\index.php(67): CodeIgniter\CodeIgniter->run()
WARNING - 2023-08-29 17:59:32 --> [DEPRECATED] explode(): Passing null to parameter #2 ($string) of type string is deprecated in APPPATH\Views\table_lancados.php on line 36.
 1 APPPATH\Views\table_lancados.php(36): explode('-', null)
 2 APPPATH\Views\newpis.php(72): include('APPPATH\\Views\\table_lancados.php')
 3 SYSTEMPATH\View\View.php(213): include('APPPATH\\Views\\newpis.php')
 4 SYSTEMPATH\View\View.php(216): CodeIgniter\View\View->CodeIgniter\View\{closure}()
 5 SYSTEMPATH\Common.php(1177): CodeIgniter\View\View->render('newpis', [], true)
 6 APPPATH\Controllers\PI.php(130): view('newpis', [...])
 7 SYSTEMPATH\CodeIgniter.php(934): App\Controllers\PI->pisLancados()
 8 SYSTEMPATH\CodeIgniter.php(499): CodeIgniter\CodeIgniter->runController(Object(App\Controllers\PI))
 9 SYSTEMPATH\CodeIgniter.php(368): CodeIgniter\CodeIgniter->handleRequest(null, Object(Config\Cache), false)
10 FCPATH\index.php(67): CodeIgniter\CodeIgniter->run()
WARNING - 2023-08-29 17:59:32 --> [DEPRECATED] explode(): Passing null to parameter #2 ($string) of type string is deprecated in APPPATH\Views\table_lancados.php on line 36.
 1 APPPATH\Views\table_lancados.php(36): explode('-', null)
 2 APPPATH\Views\newpis.php(72): include('APPPATH\\Views\\table_lancados.php')
 3 SYSTEMPATH\View\View.php(213): include('APPPATH\\Views\\newpis.php')
 4 SYSTEMPATH\View\View.php(216): CodeIgniter\View\View->CodeIgniter\View\{closure}()
 5 SYSTEMPATH\Common.php(1177): CodeIgniter\View\View->render('newpis', [], true)
 6 APPPATH\Controllers\PI.php(130): view('newpis', [...])
 7 SYSTEMPATH\CodeIgniter.php(934): App\Controllers\PI->pisLancados()
 8 SYSTEMPATH\CodeIgniter.php(499): CodeIgniter\CodeIgniter->runController(Object(App\Controllers\PI))
 9 SYSTEMPATH\CodeIgniter.php(368): CodeIgniter\CodeIgniter->handleRequest(null, Object(Config\Cache), false)
10 FCPATH\index.php(67): CodeIgniter\CodeIgniter->run()
WARNING - 2023-08-29 17:59:32 --> [DEPRECATED] explode(): Passing null to parameter #2 ($string) of type string is deprecated in APPPATH\Views\table_lancados.php on line 36.
 1 APPPATH\Views\table_lancados.php(36): explode('-', null)
 2 APPPATH\Views\newpis.php(72): include('APPPATH\\Views\\table_lancados.php')
 3 SYSTEMPATH\View\View.php(213): include('APPPATH\\Views\\newpis.php')
 4 SYSTEMPATH\View\View.php(216): CodeIgniter\View\View->CodeIgniter\View\{closure}()
 5 SYSTEMPATH\Common.php(1177): CodeIgniter\View\View->render('newpis', [], true)
 6 APPPATH\Controllers\PI.php(130): view('newpis', [...])
 7 SYSTEMPATH\CodeIgniter.php(934): App\Controllers\PI->pisLancados()
 8 SYSTEMPATH\CodeIgniter.php(499): CodeIgniter\CodeIgniter->runController(Object(App\Controllers\PI))
 9 SYSTEMPATH\CodeIgniter.php(368): CodeIgniter\CodeIgniter->handleRequest(null, Object(Config\Cache), false)
10 FCPATH\index.php(67): CodeIgniter\CodeIgniter->run()
WARNING - 2023-08-29 17:59:32 --> [DEPRECATED] explode(): Passing null to parameter #2 ($string) of type string is deprecated in APPPATH\Views\table_lancados.php on line 36.
 1 APPPATH\Views\table_lancados.php(36): explode('-', null)
 2 APPPATH\Views\newpis.php(72): include('APPPATH\\Views\\table_lancados.php')
 3 SYSTEMPATH\View\View.php(213): include('APPPATH\\Views\\newpis.php')
 4 SYSTEMPATH\View\View.php(216): CodeIgniter\View\View->CodeIgniter\View\{closure}()
 5 SYSTEMPATH\Common.php(1177): CodeIgniter\View\View->render('newpis', [], true)
 6 APPPATH\Controllers\PI.php(130): view('newpis', [...])
 7 SYSTEMPATH\CodeIgniter.php(934): App\Controllers\PI->pisLancados()
 8 SYSTEMPATH\CodeIgniter.php(499): CodeIgniter\CodeIgniter->runController(Object(App\Controllers\PI))
 9 SYSTEMPATH\CodeIgniter.php(368): CodeIgniter\CodeIgniter->handleRequest(null, Object(Config\Cache), false)
10 FCPATH\index.php(67): CodeIgniter\CodeIgniter->run()
WARNING - 2023-08-29 17:59:32 --> [DEPRECATED] explode(): Passing null to parameter #2 ($string) of type string is deprecated in APPPATH\Views\table_lancados.php on line 36.
 1 APPPATH\Views\table_lancados.php(36): explode('-', null)
 2 APPPATH\Views\newpis.php(72): include('APPPATH\\Views\\table_lancados.php')
 3 SYSTEMPATH\View\View.php(213): include('APPPATH\\Views\\newpis.php')
 4 SYSTEMPATH\View\View.php(216): CodeIgniter\View\View->CodeIgniter\View\{closure}()
 5 SYSTEMPATH\Common.php(1177): CodeIgniter\View\View->render('newpis', [], true)
 6 APPPATH\Controllers\PI.php(130): view('newpis', [...])
 7 SYSTEMPATH\CodeIgniter.php(934): App\Controllers\PI->pisLancados()
 8 SYSTEMPATH\CodeIgniter.php(499): CodeIgniter\CodeIgniter->runController(Object(App\Controllers\PI))
 9 SYSTEMPATH\CodeIgniter.php(368): CodeIgniter\CodeIgniter->handleRequest(null, Object(Config\Cache), false)
10 FCPATH\index.php(67): CodeIgniter\CodeIgniter->run()
WARNING - 2023-08-29 17:59:32 --> [DEPRECATED] explode(): Passing null to parameter #2 ($string) of type string is deprecated in APPPATH\Views\table_lancados.php on line 36.
 1 APPPATH\Views\table_lancados.php(36): explode('-', null)
 2 APPPATH\Views\newpis.php(72): include('APPPATH\\Views\\table_lancados.php')
 3 SYSTEMPATH\View\View.php(213): include('APPPATH\\Views\\newpis.php')
 4 SYSTEMPATH\View\View.php(216): CodeIgniter\View\View->CodeIgniter\View\{closure}()
 5 SYSTEMPATH\Common.php(1177): CodeIgniter\View\View->render('newpis', [], true)
 6 APPPATH\Controllers\PI.php(130): view('newpis', [...])
 7 SYSTEMPATH\CodeIgniter.php(934): App\Controllers\PI->pisLancados()
 8 SYSTEMPATH\CodeIgniter.php(499): CodeIgniter\CodeIgniter->runController(Object(App\Controllers\PI))
 9 SYSTEMPATH\CodeIgniter.php(368): CodeIgniter\CodeIgniter->handleRequest(null, Object(Config\Cache), false)
10 FCPATH\index.php(67): CodeIgniter\CodeIgniter->run()
WARNING - 2023-08-29 17:59:32 --> [DEPRECATED] explode(): Passing null to parameter #2 ($string) of type string is deprecated in APPPATH\Views\table_lancados.php on line 36.
 1 APPPATH\Views\table_lancados.php(36): explode('-', null)
 2 APPPATH\Views\newpis.php(72): include('APPPATH\\Views\\table_lancados.php')
 3 SYSTEMPATH\View\View.php(213): include('APPPATH\\Views\\newpis.php')
 4 SYSTEMPATH\View\View.php(216): CodeIgniter\View\View->CodeIgniter\View\{closure}()
 5 SYSTEMPATH\Common.php(1177): CodeIgniter\View\View->render('newpis', [], true)
 6 APPPATH\Controllers\PI.php(130): view('newpis', [...])
 7 SYSTEMPATH\CodeIgniter.php(934): App\Controllers\PI->pisLancados()
 8 SYSTEMPATH\CodeIgniter.php(499): CodeIgniter\CodeIgniter->runController(Object(App\Controllers\PI))
 9 SYSTEMPATH\CodeIgniter.php(368): CodeIgniter\CodeIgniter->handleRequest(null, Object(Config\Cache), false)
10 FCPATH\index.php(67): CodeIgniter\CodeIgniter->run()
WARNING - 2023-08-29 18:03:52 --> [DEPRECATED] explode(): Passing null to parameter #2 ($string) of type string is deprecated in APPPATH\Views\table_lancados.php on line 36.
 1 APPPATH\Views\table_lancados.php(36): explode('-', null)
 2 APPPATH\Views\newpis.php(72): include('APPPATH\\Views\\table_lancados.php')
 3 SYSTEMPATH\View\View.php(213): include('APPPATH\\Views\\newpis.php')
 4 SYSTEMPATH\View\View.php(216): CodeIgniter\View\View->CodeIgniter\View\{closure}()
 5 SYSTEMPATH\Common.php(1177): CodeIgniter\View\View->render('newpis', [], true)
 6 APPPATH\Controllers\PI.php(130): view('newpis', [...])
 7 SYSTEMPATH\CodeIgniter.php(934): App\Controllers\PI->pisLancados()
 8 SYSTEMPATH\CodeIgniter.php(499): CodeIgniter\CodeIgniter->runController(Object(App\Controllers\PI))
 9 SYSTEMPATH\CodeIgniter.php(368): CodeIgniter\CodeIgniter->handleRequest(null, Object(Config\Cache), false)
10 FCPATH\index.php(67): CodeIgniter\CodeIgniter->run()
WARNING - 2023-08-29 18:03:52 --> [DEPRECATED] explode(): Passing null to parameter #2 ($string) of type string is deprecated in APPPATH\Views\table_lancados.php on line 36.
 1 APPPATH\Views\table_lancados.php(36): explode('-', null)
 2 APPPATH\Views\newpis.php(72): include('APPPATH\\Views\\table_lancados.php')
 3 SYSTEMPATH\View\View.php(213): include('APPPATH\\Views\\newpis.php')
 4 SYSTEMPATH\View\View.php(216): CodeIgniter\View\View->CodeIgniter\View\{closure}()
 5 SYSTEMPATH\Common.php(1177): CodeIgniter\View\View->render('newpis', [], true)
 6 APPPATH\Controllers\PI.php(130): view('newpis', [...])
 7 SYSTEMPATH\CodeIgniter.php(934): App\Controllers\PI->pisLancados()
 8 SYSTEMPATH\CodeIgniter.php(499): CodeIgniter\CodeIgniter->runController(Object(App\Controllers\PI))
 9 SYSTEMPATH\CodeIgniter.php(368): CodeIgniter\CodeIgniter->handleRequest(null, Object(Config\Cache), false)
10 FCPATH\index.php(67): CodeIgniter\CodeIgniter->run()
WARNING - 2023-08-29 18:03:52 --> [DEPRECATED] explode(): Passing null to parameter #2 ($string) of type string is deprecated in APPPATH\Views\table_lancados.php on line 36.
 1 APPPATH\Views\table_lancados.php(36): explode('-', null)
 2 APPPATH\Views\newpis.php(72): include('APPPATH\\Views\\table_lancados.php')
 3 SYSTEMPATH\View\View.php(213): include('APPPATH\\Views\\newpis.php')
 4 SYSTEMPATH\View\View.php(216): CodeIgniter\View\View->CodeIgniter\View\{closure}()
 5 SYSTEMPATH\Common.php(1177): CodeIgniter\View\View->render('newpis', [], true)
 6 APPPATH\Controllers\PI.php(130): view('newpis', [...])
 7 SYSTEMPATH\CodeIgniter.php(934): App\Controllers\PI->pisLancados()
 8 SYSTEMPATH\CodeIgniter.php(499): CodeIgniter\CodeIgniter->runController(Object(App\Controllers\PI))
 9 SYSTEMPATH\CodeIgniter.php(368): CodeIgniter\CodeIgniter->handleRequest(null, Object(Config\Cache), false)
10 FCPATH\index.php(67): CodeIgniter\CodeIgniter->run()
WARNING - 2023-08-29 18:03:52 --> [DEPRECATED] explode(): Passing null to parameter #2 ($string) of type string is deprecated in APPPATH\Views\table_lancados.php on line 36.
 1 APPPATH\Views\table_lancados.php(36): explode('-', null)
 2 APPPATH\Views\newpis.php(72): include('APPPATH\\Views\\table_lancados.php')
 3 SYSTEMPATH\View\View.php(213): include('APPPATH\\Views\\newpis.php')
 4 SYSTEMPATH\View\View.php(216): CodeIgniter\View\View->CodeIgniter\View\{closure}()
 5 SYSTEMPATH\Common.php(1177): CodeIgniter\View\View->render('newpis', [], true)
 6 APPPATH\Controllers\PI.php(130): view('newpis', [...])
 7 SYSTEMPATH\CodeIgniter.php(934): App\Controllers\PI->pisLancados()
 8 SYSTEMPATH\CodeIgniter.php(499): CodeIgniter\CodeIgniter->runController(Object(App\Controllers\PI))
 9 SYSTEMPATH\CodeIgniter.php(368): CodeIgniter\CodeIgniter->handleRequest(null, Object(Config\Cache), false)
10 FCPATH\index.php(67): CodeIgniter\CodeIgniter->run()
WARNING - 2023-08-29 18:03:52 --> [DEPRECATED] explode(): Passing null to parameter #2 ($string) of type string is deprecated in APPPATH\Views\table_lancados.php on line 36.
 1 APPPATH\Views\table_lancados.php(36): explode('-', null)
 2 APPPATH\Views\newpis.php(72): include('APPPATH\\Views\\table_lancados.php')
 3 SYSTEMPATH\View\View.php(213): include('APPPATH\\Views\\newpis.php')
 4 SYSTEMPATH\View\View.php(216): CodeIgniter\View\View->CodeIgniter\View\{closure}()
 5 SYSTEMPATH\Common.php(1177): CodeIgniter\View\View->render('newpis', [], true)
 6 APPPATH\Controllers\PI.php(130): view('newpis', [...])
 7 SYSTEMPATH\CodeIgniter.php(934): App\Controllers\PI->pisLancados()
 8 SYSTEMPATH\CodeIgniter.php(499): CodeIgniter\CodeIgniter->runController(Object(App\Controllers\PI))
 9 SYSTEMPATH\CodeIgniter.php(368): CodeIgniter\CodeIgniter->handleRequest(null, Object(Config\Cache), false)
10 FCPATH\index.php(67): CodeIgniter\CodeIgniter->run()
WARNING - 2023-08-29 18:03:52 --> [DEPRECATED] explode(): Passing null to parameter #2 ($string) of type string is deprecated in APPPATH\Views\table_lancados.php on line 36.
 1 APPPATH\Views\table_lancados.php(36): explode('-', null)
 2 APPPATH\Views\newpis.php(72): include('APPPATH\\Views\\table_lancados.php')
 3 SYSTEMPATH\View\View.php(213): include('APPPATH\\Views\\newpis.php')
 4 SYSTEMPATH\View\View.php(216): CodeIgniter\View\View->CodeIgniter\View\{closure}()
 5 SYSTEMPATH\Common.php(1177): CodeIgniter\View\View->render('newpis', [], true)
 6 APPPATH\Controllers\PI.php(130): view('newpis', [...])
 7 SYSTEMPATH\CodeIgniter.php(934): App\Controllers\PI->pisLancados()
 8 SYSTEMPATH\CodeIgniter.php(499): CodeIgniter\CodeIgniter->runController(Object(App\Controllers\PI))
 9 SYSTEMPATH\CodeIgniter.php(368): CodeIgniter\CodeIgniter->handleRequest(null, Object(Config\Cache), false)
10 FCPATH\index.php(67): CodeIgniter\CodeIgniter->run()
WARNING - 2023-08-29 18:03:52 --> [DEPRECATED] explode(): Passing null to parameter #2 ($string) of type string is deprecated in APPPATH\Views\table_lancados.php on line 36.
 1 APPPATH\Views\table_lancados.php(36): explode('-', null)
 2 APPPATH\Views\newpis.php(72): include('APPPATH\\Views\\table_lancados.php')
 3 SYSTEMPATH\View\View.php(213): include('APPPATH\\Views\\newpis.php')
 4 SYSTEMPATH\View\View.php(216): CodeIgniter\View\View->CodeIgniter\View\{closure}()
 5 SYSTEMPATH\Common.php(1177): CodeIgniter\View\View->render('newpis', [], true)
 6 APPPATH\Controllers\PI.php(130): view('newpis', [...])
 7 SYSTEMPATH\CodeIgniter.php(934): App\Controllers\PI->pisLancados()
 8 SYSTEMPATH\CodeIgniter.php(499): CodeIgniter\CodeIgniter->runController(Object(App\Controllers\PI))
 9 SYSTEMPATH\CodeIgniter.php(368): CodeIgniter\CodeIgniter->handleRequest(null, Object(Config\Cache), false)
10 FCPATH\index.php(67): CodeIgniter\CodeIgniter->run()
WARNING - 2023-08-29 18:03:52 --> [DEPRECATED] explode(): Passing null to parameter #2 ($string) of type string is deprecated in APPPATH\Views\table_lancados.php on line 36.
 1 APPPATH\Views\table_lancados.php(36): explode('-', null)
 2 APPPATH\Views\newpis.php(72): include('APPPATH\\Views\\table_lancados.php')
 3 SYSTEMPATH\View\View.php(213): include('APPPATH\\Views\\newpis.php')
 4 SYSTEMPATH\View\View.php(216): CodeIgniter\View\View->CodeIgniter\View\{closure}()
 5 SYSTEMPATH\Common.php(1177): CodeIgniter\View\View->render('newpis', [], true)
 6 APPPATH\Controllers\PI.php(130): view('newpis', [...])
 7 SYSTEMPATH\CodeIgniter.php(934): App\Controllers\PI->pisLancados()
 8 SYSTEMPATH\CodeIgniter.php(499): CodeIgniter\CodeIgniter->runController(Object(App\Controllers\PI))
 9 SYSTEMPATH\CodeIgniter.php(368): CodeIgniter\CodeIgniter->handleRequest(null, Object(Config\Cache), false)
10 FCPATH\index.php(67): CodeIgniter\CodeIgniter->run()
WARNING - 2023-08-29 18:03:52 --> [DEPRECATED] explode(): Passing null to parameter #2 ($string) of type string is deprecated in APPPATH\Views\table_lancados.php on line 36.
 1 APPPATH\Views\table_lancados.php(36): explode('-', null)
 2 APPPATH\Views\newpis.php(72): include('APPPATH\\Views\\table_lancados.php')
 3 SYSTEMPATH\View\View.php(213): include('APPPATH\\Views\\newpis.php')
 4 SYSTEMPATH\View\View.php(216): CodeIgniter\View\View->CodeIgniter\View\{closure}()
 5 SYSTEMPATH\Common.php(1177): CodeIgniter\View\View->render('newpis', [], true)
 6 APPPATH\Controllers\PI.php(130): view('newpis', [...])
 7 SYSTEMPATH\CodeIgniter.php(934): App\Controllers\PI->pisLancados()
 8 SYSTEMPATH\CodeIgniter.php(499): CodeIgniter\CodeIgniter->runController(Object(App\Controllers\PI))
 9 SYSTEMPATH\CodeIgniter.php(368): CodeIgniter\CodeIgniter->handleRequest(null, Object(Config\Cache), false)
10 FCPATH\index.php(67): CodeIgniter\CodeIgniter->run()
WARNING - 2023-08-29 18:03:52 --> [DEPRECATED] explode(): Passing null to parameter #2 ($string) of type string is deprecated in APPPATH\Views\table_lancados.php on line 36.
 1 APPPATH\Views\table_lancados.php(36): explode('-', null)
 2 APPPATH\Views\newpis.php(72): include('APPPATH\\Views\\table_lancados.php')
 3 SYSTEMPATH\View\View.php(213): include('APPPATH\\Views\\newpis.php')
 4 SYSTEMPATH\View\View.php(216): CodeIgniter\View\View->CodeIgniter\View\{closure}()
 5 SYSTEMPATH\Common.php(1177): CodeIgniter\View\View->render('newpis', [], true)
 6 APPPATH\Controllers\PI.php(130): view('newpis', [...])
 7 SYSTEMPATH\CodeIgniter.php(934): App\Controllers\PI->pisLancados()
 8 SYSTEMPATH\CodeIgniter.php(499): CodeIgniter\CodeIgniter->runController(Object(App\Controllers\PI))
 9 SYSTEMPATH\CodeIgniter.php(368): CodeIgniter\CodeIgniter->handleRequest(null, Object(Config\Cache), false)
10 FCPATH\index.php(67): CodeIgniter\CodeIgniter->run()
WARNING - 2023-08-29 18:03:52 --> [DEPRECATED] explode(): Passing null to parameter #2 ($string) of type string is deprecated in APPPATH\Views\table_lancados.php on line 36.
 1 APPPATH\Views\table_lancados.php(36): explode('-', null)
 2 APPPATH\Views\newpis.php(72): include('APPPATH\\Views\\table_lancados.php')
 3 SYSTEMPATH\View\View.php(213): include('APPPATH\\Views\\newpis.php')
 4 SYSTEMPATH\View\View.php(216): CodeIgniter\View\View->CodeIgniter\View\{closure}()
 5 SYSTEMPATH\Common.php(1177): CodeIgniter\View\View->render('newpis', [], true)
 6 APPPATH\Controllers\PI.php(130): view('newpis', [...])
 7 SYSTEMPATH\CodeIgniter.php(934): App\Controllers\PI->pisLancados()
 8 SYSTEMPATH\CodeIgniter.php(499): CodeIgniter\CodeIgniter->runController(Object(App\Controllers\PI))
 9 SYSTEMPATH\CodeIgniter.php(368): CodeIgniter\CodeIgniter->handleRequest(null, Object(Config\Cache), false)
10 FCPATH\index.php(67): CodeIgniter\CodeIgniter->run()
WARNING - 2023-08-29 18:03:52 --> [DEPRECATED] explode(): Passing null to parameter #2 ($string) of type string is deprecated in APPPATH\Views\table_lancados.php on line 36.
 1 APPPATH\Views\table_lancados.php(36): explode('-', null)
 2 APPPATH\Views\newpis.php(72): include('APPPATH\\Views\\table_lancados.php')
 3 SYSTEMPATH\View\View.php(213): include('APPPATH\\Views\\newpis.php')
 4 SYSTEMPATH\View\View.php(216): CodeIgniter\View\View->CodeIgniter\View\{closure}()
 5 SYSTEMPATH\Common.php(1177): CodeIgniter\View\View->render('newpis', [], true)
 6 APPPATH\Controllers\PI.php(130): view('newpis', [...])
 7 SYSTEMPATH\CodeIgniter.php(934): App\Controllers\PI->pisLancados()
 8 SYSTEMPATH\CodeIgniter.php(499): CodeIgniter\CodeIgniter->runController(Object(App\Controllers\PI))
 9 SYSTEMPATH\CodeIgniter.php(368): CodeIgniter\CodeIgniter->handleRequest(null, Object(Config\Cache), false)
10 FCPATH\index.php(67): CodeIgniter\CodeIgniter->run()
WARNING - 2023-08-29 18:03:52 --> [DEPRECATED] explode(): Passing null to parameter #2 ($string) of type string is deprecated in APPPATH\Views\table_lancados.php on line 36.
 1 APPPATH\Views\table_lancados.php(36): explode('-', null)
 2 APPPATH\Views\newpis.php(72): include('APPPATH\\Views\\table_lancados.php')
 3 SYSTEMPATH\View\View.php(213): include('APPPATH\\Views\\newpis.php')
 4 SYSTEMPATH\View\View.php(216): CodeIgniter\View\View->CodeIgniter\View\{closure}()
 5 SYSTEMPATH\Common.php(1177): CodeIgniter\View\View->render('newpis', [], true)
 6 APPPATH\Controllers\PI.php(130): view('newpis', [...])
 7 SYSTEMPATH\CodeIgniter.php(934): App\Controllers\PI->pisLancados()
 8 SYSTEMPATH\CodeIgniter.php(499): CodeIgniter\CodeIgniter->runController(Object(App\Controllers\PI))
 9 SYSTEMPATH\CodeIgniter.php(368): CodeIgniter\CodeIgniter->handleRequest(null, Object(Config\Cache), false)
10 FCPATH\index.php(67): CodeIgniter\CodeIgniter->run()
WARNING - 2023-08-29 18:03:52 --> [DEPRECATED] explode(): Passing null to parameter #2 ($string) of type string is deprecated in APPPATH\Views\table_lancados.php on line 36.
 1 APPPATH\Views\table_lancados.php(36): explode('-', null)
 2 APPPATH\Views\newpis.php(72): include('APPPATH\\Views\\table_lancados.php')
 3 SYSTEMPATH\View\View.php(213): include('APPPATH\\Views\\newpis.php')
 4 SYSTEMPATH\View\View.php(216): CodeIgniter\View\View->CodeIgniter\View\{closure}()
 5 SYSTEMPATH\Common.php(1177): CodeIgniter\View\View->render('newpis', [], true)
 6 APPPATH\Controllers\PI.php(130): view('newpis', [...])
 7 SYSTEMPATH\CodeIgniter.php(934): App\Controllers\PI->pisLancados()
 8 SYSTEMPATH\CodeIgniter.php(499): CodeIgniter\CodeIgniter->runController(Object(App\Controllers\PI))
 9 SYSTEMPATH\CodeIgniter.php(368): CodeIgniter\CodeIgniter->handleRequest(null, Object(Config\Cache), false)
10 FCPATH\index.php(67): CodeIgniter\CodeIgniter->run()
WARNING - 2023-08-29 18:03:52 --> [DEPRECATED] explode(): Passing null to parameter #2 ($string) of type string is deprecated in APPPATH\Views\table_lancados.php on line 36.
 1 APPPATH\Views\table_lancados.php(36): explode('-', null)
 2 APPPATH\Views\newpis.php(72): include('APPPATH\\Views\\table_lancados.php')
 3 SYSTEMPATH\View\View.php(213): include('APPPATH\\Views\\newpis.php')
 4 SYSTEMPATH\View\View.php(216): CodeIgniter\View\View->CodeIgniter\View\{closure}()
 5 SYSTEMPATH\Common.php(1177): CodeIgniter\View\View->render('newpis', [], true)
 6 APPPATH\Controllers\PI.php(130): view('newpis', [...])
 7 SYSTEMPATH\CodeIgniter.php(934): App\Controllers\PI->pisLancados()
 8 SYSTEMPATH\CodeIgniter.php(499): CodeIgniter\CodeIgniter->runController(Object(App\Controllers\PI))
 9 SYSTEMPATH\CodeIgniter.php(368): CodeIgniter\CodeIgniter->handleRequest(null, Object(Config\Cache), false)
10 FCPATH\index.php(67): CodeIgniter\CodeIgniter->run()
WARNING - 2023-08-29 18:03:52 --> [DEPRECATED] explode(): Passing null to parameter #2 ($string) of type string is deprecated in APPPATH\Views\table_lancados.php on line 36.
 1 APPPATH\Views\table_lancados.php(36): explode('-', null)
 2 APPPATH\Views\newpis.php(72): include('APPPATH\\Views\\table_lancados.php')
 3 SYSTEMPATH\View\View.php(213): include('APPPATH\\Views\\newpis.php')
 4 SYSTEMPATH\View\View.php(216): CodeIgniter\View\View->CodeIgniter\View\{closure}()
 5 SYSTEMPATH\Common.php(1177): CodeIgniter\View\View->render('newpis', [], true)
 6 APPPATH\Controllers\PI.php(130): view('newpis', [...])
 7 SYSTEMPATH\CodeIgniter.php(934): App\Controllers\PI->pisLancados()
 8 SYSTEMPATH\CodeIgniter.php(499): CodeIgniter\CodeIgniter->runController(Object(App\Controllers\PI))
 9 SYSTEMPATH\CodeIgniter.php(368): CodeIgniter\CodeIgniter->handleRequest(null, Object(Config\Cache), false)
10 FCPATH\index.php(67): CodeIgniter\CodeIgniter->run()
WARNING - 2023-08-29 18:03:52 --> [DEPRECATED] explode(): Passing null to parameter #2 ($string) of type string is deprecated in APPPATH\Views\table_lancados.php on line 36.
 1 APPPATH\Views\table_lancados.php(36): explode('-', null)
 2 APPPATH\Views\newpis.php(72): include('APPPATH\\Views\\table_lancados.php')
 3 SYSTEMPATH\View\View.php(213): include('APPPATH\\Views\\newpis.php')
 4 SYSTEMPATH\View\View.php(216): CodeIgniter\View\View->CodeIgniter\View\{closure}()
 5 SYSTEMPATH\Common.php(1177): CodeIgniter\View\View->render('newpis', [], true)
 6 APPPATH\Controllers\PI.php(130): view('newpis', [...])
 7 SYSTEMPATH\CodeIgniter.php(934): App\Controllers\PI->pisLancados()
 8 SYSTEMPATH\CodeIgniter.php(499): CodeIgniter\CodeIgniter->runController(Object(App\Controllers\PI))
 9 SYSTEMPATH\CodeIgniter.php(368): CodeIgniter\CodeIgniter->handleRequest(null, Object(Config\Cache), false)
10 FCPATH\index.php(67): CodeIgniter\CodeIgniter->run()
CRITICAL - 2023-08-29 18:25:59 --> Undefined variable $tipopi
in APPPATH\Views\card_filters.php on line 10.
 1 APPPATH\Views\card_filters.php(10): CodeIgniter\Debug\Exceptions->errorHandler(2, 'Undefined variable $tipopi', 'APPPATH\\Views\\card_filters.php', 10)
 2 APPPATH\Views\comissoes.php(57): include('APPPATH\\Views\\card_filters.php')
 3 SYSTEMPATH\View\View.php(213): include('APPPATH\\Views\\comissoes.php')
 4 SYSTEMPATH\View\View.php(216): CodeIgniter\View\View->CodeIgniter\View\{closure}()
 5 SYSTEMPATH\Common.php(1177): CodeIgniter\View\View->render('comissoes', [], true)
 6 APPPATH\Controllers\PI.php(264): view('comissoes')
 7 SYSTEMPATH\CodeIgniter.php(934): App\Controllers\PI->pisComissoes()
 8 SYSTEMPATH\CodeIgniter.php(499): CodeIgniter\CodeIgniter->runController(Object(App\Controllers\PI))
 9 SYSTEMPATH\CodeIgniter.php(368): CodeIgniter\CodeIgniter->handleRequest(null, Object(Config\Cache), false)
10 FCPATH\index.php(67): CodeIgniter\CodeIgniter->run()
CRITICAL - 2023-08-29 18:32:59 --> Undefined variable $inputempresa
in APPPATH\Views\newcarddados.php on line 7.
 1 APPPATH\Views\newcarddados.php(7): CodeIgniter\Debug\Exceptions->errorHandler(2, 'Undefined variable $inputempresa', 'APPPATH\\Views\\newcarddados.php', 7)
 2 APPPATH\Views\comissoes.php(125): include('APPPATH\\Views\\newcarddados.php')
 3 SYSTEMPATH\View\View.php(213): include('APPPATH\\Views\\comissoes.php')
 4 SYSTEMPATH\View\View.php(216): CodeIgniter\View\View->CodeIgniter\View\{closure}()
 5 SYSTEMPATH\Common.php(1177): CodeIgniter\View\View->render('comissoes', [], true)
 6 APPPATH\Controllers\PI.php(264): view('comissoes')
 7 SYSTEMPATH\CodeIgniter.php(934): App\Controllers\PI->pisComissoes()
 8 SYSTEMPATH\CodeIgniter.php(499): CodeIgniter\CodeIgniter->runController(Object(App\Controllers\PI))
 9 SYSTEMPATH\CodeIgniter.php(368): CodeIgniter\CodeIgniter->handleRequest(null, Object(Config\Cache), false)
10 FCPATH\index.php(67): CodeIgniter\CodeIgniter->run()
CRITICAL - 2023-08-29 18:36:03 --> Undefined variable $nomeEmpresa
in APPPATH\Views\comissoes.php on line 137.
 1 APPPATH\Views\comissoes.php(137): CodeIgniter\Debug\Exceptions->errorHandler(2, 'Undefined variable $nomeEmpresa', 'APPPATH\\Views\\comissoes.php', 137)
 2 SYSTEMPATH\View\View.php(213): include('APPPATH\\Views\\comissoes.php')
 3 SYSTEMPATH\View\View.php(216): CodeIgniter\View\View->CodeIgniter\View\{closure}()
 4 SYSTEMPATH\Common.php(1177): CodeIgniter\View\View->render('comissoes', [], true)
 5 APPPATH\Controllers\PI.php(264): view('comissoes')
 6 SYSTEMPATH\CodeIgniter.php(934): App\Controllers\PI->pisComissoes()
 7 SYSTEMPATH\CodeIgniter.php(499): CodeIgniter\CodeIgniter->runController(Object(App\Controllers\PI))
 8 SYSTEMPATH\CodeIgniter.php(368): CodeIgniter\CodeIgniter->handleRequest(null, Object(Config\Cache), false)
 9 FCPATH\index.php(67): CodeIgniter\CodeIgniter->run()
CRITICAL - 2023-08-29 18:36:18 --> Undefined variable $inputdataini
in APPPATH\Views\comissoes.php on line 149.
 1 APPPATH\Views\comissoes.php(149): CodeIgniter\Debug\Exceptions->errorHandler(2, 'Undefined variable $inputdataini', 'APPPATH\\Views\\comissoes.php', 149)
 2 SYSTEMPATH\View\View.php(213): include('APPPATH\\Views\\comissoes.php')
 3 SYSTEMPATH\View\View.php(216): CodeIgniter\View\View->CodeIgniter\View\{closure}()
 4 SYSTEMPATH\Common.php(1177): CodeIgniter\View\View->render('comissoes', [], true)
 5 APPPATH\Controllers\PI.php(264): view('comissoes')
 6 SYSTEMPATH\CodeIgniter.php(934): App\Controllers\PI->pisComissoes()
 7 SYSTEMPATH\CodeIgniter.php(499): CodeIgniter\CodeIgniter->runController(Object(App\Controllers\PI))
 8 SYSTEMPATH\CodeIgniter.php(368): CodeIgniter\CodeIgniter->handleRequest(null, Object(Config\Cache), false)
 9 FCPATH\index.php(67): CodeIgniter\CodeIgniter->run()
CRITICAL - 2023-08-29 18:37:11 --> count(): Argument #1 ($value) must be of type Countable|array, null given
in APPPATH\Views\comissoes.php on line 161.
 1 SYSTEMPATH\View\View.php(213): include()
 2 SYSTEMPATH\View\View.php(216): CodeIgniter\View\View->CodeIgniter\View\{closure}()
 3 SYSTEMPATH\Common.php(1177): CodeIgniter\View\View->render('comissoes', [], true)
 4 APPPATH\Controllers\PI.php(264): view('comissoes')
 5 SYSTEMPATH\CodeIgniter.php(934): App\Controllers\PI->pisComissoes()
 6 SYSTEMPATH\CodeIgniter.php(499): CodeIgniter\CodeIgniter->runController(Object(App\Controllers\PI))
 7 SYSTEMPATH\CodeIgniter.php(368): CodeIgniter\CodeIgniter->handleRequest(null, Object(Config\Cache), false)
 8 FCPATH\index.php(67): CodeIgniter\CodeIgniter->run()
CRITICAL - 2023-08-29 18:37:24 --> Undefined variable $dados_pi
in APPPATH\Views\comissoes.php on line 196.
 1 APPPATH\Views\comissoes.php(196): CodeIgniter\Debug\Exceptions->errorHandler(2, 'Undefined variable $dados_pi', 'APPPATH\\Views\\comissoes.php', 196)
 2 SYSTEMPATH\View\View.php(213): include('APPPATH\\Views\\comissoes.php')
 3 SYSTEMPATH\View\View.php(216): CodeIgniter\View\View->CodeIgniter\View\{closure}()
 4 SYSTEMPATH\Common.php(1177): CodeIgniter\View\View->render('comissoes', [], true)
 5 APPPATH\Controllers\PI.php(264): view('comissoes')
 6 SYSTEMPATH\CodeIgniter.php(934): App\Controllers\PI->pisComissoes()
 7 SYSTEMPATH\CodeIgniter.php(499): CodeIgniter\CodeIgniter->runController(Object(App\Controllers\PI))
 8 SYSTEMPATH\CodeIgniter.php(368): CodeIgniter\CodeIgniter->handleRequest(null, Object(Config\Cache), false)
 9 FCPATH\index.php(67): CodeIgniter\CodeIgniter->run()
CRITICAL - 2023-08-29 19:36:15 --> Undefined variable $nomeEmpresa
in APPPATH\Views\comissoes.php on line 125.
 1 APPPATH\Views\comissoes.php(125): CodeIgniter\Debug\Exceptions->errorHandler(2, 'Undefined variable $nomeEmpresa', 'APPPATH\\Views\\comissoes.php', 125)
 2 SYSTEMPATH\View\View.php(213): include('APPPATH\\Views\\comissoes.php')
 3 SYSTEMPATH\View\View.php(216): CodeIgniter\View\View->CodeIgniter\View\{closure}()
 4 SYSTEMPATH\Common.php(1177): CodeIgniter\View\View->render('comissoes', [], true)
 5 APPPATH\Controllers\PI.php(272): view('comissoes', [...])
 6 SYSTEMPATH\CodeIgniter.php(934): App\Controllers\PI->pisComissoes()
 7 SYSTEMPATH\CodeIgniter.php(499): CodeIgniter\CodeIgniter->runController(Object(App\Controllers\PI))
 8 SYSTEMPATH\CodeIgniter.php(368): CodeIgniter\CodeIgniter->handleRequest(null, Object(Config\Cache), false)
 9 FCPATH\index.php(67): CodeIgniter\CodeIgniter->run()
CRITICAL - 2023-08-29 19:36:25 --> Undefined variable $nomeEmpresa
in APPPATH\Views\comissoes.php on line 125.
 1 APPPATH\Views\comissoes.php(125): CodeIgniter\Debug\Exceptions->errorHandler(2, 'Undefined variable $nomeEmpresa', 'APPPATH\\Views\\comissoes.php', 125)
 2 SYSTEMPATH\View\View.php(213): include('APPPATH\\Views\\comissoes.php')
 3 SYSTEMPATH\View\View.php(216): CodeIgniter\View\View->CodeIgniter\View\{closure}()
 4 SYSTEMPATH\Common.php(1177): CodeIgniter\View\View->render('comissoes', [], true)
 5 APPPATH\Controllers\PI.php(272): view('comissoes', [...])
 6 SYSTEMPATH\CodeIgniter.php(934): App\Controllers\PI->pisComissoes()
 7 SYSTEMPATH\CodeIgniter.php(499): CodeIgniter\CodeIgniter->runController(Object(App\Controllers\PI))
 8 SYSTEMPATH\CodeIgniter.php(368): CodeIgniter\CodeIgniter->handleRequest(null, Object(Config\Cache), false)
 9 FCPATH\index.php(67): CodeIgniter\CodeIgniter->run()
CRITICAL - 2023-08-29 20:24:35 --> A non-numeric value encountered
in APPPATH\Controllers\PI.php on line 272.
 1 APPPATH\Controllers\PI.php(272): CodeIgniter\Debug\Exceptions->errorHandler(2, 'A non-numeric value encountered', 'APPPATH\\Controllers\\PI.php', 272)
 2 SYSTEMPATH\CodeIgniter.php(934): App\Controllers\PI->pisComissoes()
 3 SYSTEMPATH\CodeIgniter.php(499): CodeIgniter\CodeIgniter->runController(Object(App\Controllers\PI))
 4 SYSTEMPATH\CodeIgniter.php(368): CodeIgniter\CodeIgniter->handleRequest(null, Object(Config\Cache), false)
 5 FCPATH\index.php(67): CodeIgniter\CodeIgniter->run()
